{"/Volumes/untitled/Dev/KMC Contracting/kiosk_form/server.js":{"path":"/Volumes/untitled/Dev/KMC Contracting/kiosk_form/server.js","s":{"1":1,"2":1,"3":1,"4":1,"5":0,"6":0,"7":1,"8":0,"9":0,"10":1,"11":1,"12":1,"13":1,"14":1,"15":1,"16":1,"17":1,"18":1,"19":1,"20":0,"21":1},"b":{"1":[0,1],"2":[0,1]},"f":{"1":1,"2":0},"fnMap":{"1":{"name":"(anonymous_1)","line":19,"loc":{"start":{"line":19,"column":60},"end":{"line":19,"column":74}}},"2":{"name":"(anonymous_2)","line":25,"loc":{"start":{"line":25,"column":32},"end":{"line":25,"column":46}}}},"statementMap":{"1":{"start":{"line":5,"column":0},"end":{"line":8,"column":26}},"2":{"start":{"line":10,"column":0},"end":{"line":10,"column":61}},"3":{"start":{"line":19,"column":0},"end":{"line":24,"column":3}},"4":{"start":{"line":20,"column":1},"end":{"line":23,"column":2}},"5":{"start":{"line":21,"column":2},"end":{"line":21,"column":60}},"6":{"start":{"line":22,"column":2},"end":{"line":22,"column":30}},"7":{"start":{"line":25,"column":0},"end":{"line":28,"column":3}},"8":{"start":{"line":26,"column":1},"end":{"line":26,"column":62}},"9":{"start":{"line":27,"column":1},"end":{"line":27,"column":18}},"10":{"start":{"line":31,"column":0},"end":{"line":31,"column":42}},"11":{"start":{"line":34,"column":0},"end":{"line":34,"column":31}},"12":{"start":{"line":37,"column":0},"end":{"line":37,"column":24}},"13":{"start":{"line":40,"column":0},"end":{"line":40,"column":31}},"14":{"start":{"line":43,"column":0},"end":{"line":43,"column":18}},"15":{"start":{"line":44,"column":0},"end":{"line":44,"column":68}},"16":{"start":{"line":45,"column":0},"end":{"line":45,"column":70}},"17":{"start":{"line":46,"column":0},"end":{"line":46,"column":56}},"18":{"start":{"line":47,"column":0},"end":{"line":47,"column":60}},"19":{"start":{"line":48,"column":0},"end":{"line":50,"column":1}},"20":{"start":{"line":49,"column":1},"end":{"line":49,"column":46}},"21":{"start":{"line":51,"column":0},"end":{"line":51,"column":18}}},"branchMap":{"1":{"line":20,"type":"if","locations":[{"start":{"line":20,"column":1},"end":{"line":20,"column":1}},{"start":{"line":20,"column":1},"end":{"line":20,"column":1}}]},"2":{"line":48,"type":"if","locations":[{"start":{"line":48,"column":0},"end":{"line":48,"column":0}},{"start":{"line":48,"column":0},"end":{"line":48,"column":0}}]}}},"/Volumes/untitled/Dev/KMC Contracting/kiosk_form/config/init.js":{"path":"/Volumes/untitled/Dev/KMC Contracting/kiosk_form/config/init.js","s":{"1":1,"2":1,"3":1,"4":1,"5":0,"6":0,"7":0,"8":0},"b":{"1":[0,1],"2":[0,0]},"f":{"1":1},"fnMap":{"1":{"name":"(anonymous_1)","line":12,"loc":{"start":{"line":12,"column":17},"end":{"line":12,"column":28}}}},"statementMap":{"1":{"start":{"line":6,"column":0},"end":{"line":7,"column":26}},"2":{"start":{"line":12,"column":0},"end":{"line":29,"column":2}},"3":{"start":{"line":17,"column":1},"end":{"line":17,"column":82}},"4":{"start":{"line":18,"column":1},"end":{"line":26,"column":2}},"5":{"start":{"line":19,"column":2},"end":{"line":23,"column":3}},"6":{"start":{"line":20,"column":3},"end":{"line":20,"column":132}},"7":{"start":{"line":22,"column":3},"end":{"line":22,"column":94}},"8":{"start":{"line":25,"column":2},"end":{"line":25,"column":39}}},"branchMap":{"1":{"line":18,"type":"if","locations":[{"start":{"line":18,"column":1},"end":{"line":18,"column":1}},{"start":{"line":18,"column":1},"end":{"line":18,"column":1}}]},"2":{"line":19,"type":"if","locations":[{"start":{"line":19,"column":2},"end":{"line":19,"column":2}},{"start":{"line":19,"column":2},"end":{"line":19,"column":2}}]}}},"/Volumes/untitled/Dev/KMC Contracting/kiosk_form/config/config.js":{"path":"/Volumes/untitled/Dev/KMC Contracting/kiosk_form/config/config.js","s":{"1":1,"2":1,"3":1,"4":1,"5":0,"6":1,"7":11,"8":11,"9":11,"10":11,"11":2,"12":6,"13":9,"14":9,"15":0,"16":9,"17":9,"18":6,"19":44,"20":9,"21":11,"22":1,"23":3,"24":40,"25":1,"26":1,"27":1,"28":1,"29":1,"30":1,"31":1,"32":1,"33":1,"34":0,"35":1,"36":1,"37":1,"38":1},"b":{"1":[1,0],"2":[1,0],"3":[2,9],"4":[9,0],"5":[0,9],"6":[6,3],"7":[0,1]},"f":{"1":11,"2":6,"3":44,"4":3,"5":40,"6":1,"7":1,"8":1,"9":1,"10":1},"fnMap":{"1":{"name":"(anonymous_1)","line":34,"loc":{"start":{"line":34,"column":33},"end":{"line":34,"column":68}}},"2":{"name":"(anonymous_2)","line":46,"loc":{"start":{"line":46,"column":23},"end":{"line":46,"column":45}}},"3":{"name":"(anonymous_3)","line":55,"loc":{"start":{"line":55,"column":22},"end":{"line":55,"column":37}}},"4":{"name":"(anonymous_4)","line":67,"loc":{"start":{"line":67,"column":31},"end":{"line":67,"column":53}}},"5":{"name":"(anonymous_5)","line":68,"loc":{"start":{"line":68,"column":18},"end":{"line":68,"column":33}}},"6":{"name":"(anonymous_6)","line":76,"loc":{"start":{"line":76,"column":34},"end":{"line":76,"column":45}}},"7":{"name":"(anonymous_7)","line":79,"loc":{"start":{"line":79,"column":35},"end":{"line":79,"column":46}}},"8":{"name":"(anonymous_8)","line":82,"loc":{"start":{"line":82,"column":37},"end":{"line":82,"column":48}}},"9":{"name":"(anonymous_9)","line":89,"loc":{"start":{"line":89,"column":37},"end":{"line":89,"column":60}}},"10":{"name":"(anonymous_10)","line":103,"loc":{"start":{"line":103,"column":30},"end":{"line":103,"column":41}}}},"statementMap":{"1":{"start":{"line":6,"column":0},"end":{"line":10,"column":20}},"2":{"start":{"line":15,"column":1},"end":{"line":18,"column":3}},"3":{"start":{"line":21,"column":0},"end":{"line":28,"column":1}},"4":{"start":{"line":22,"column":1},"end":{"line":25,"column":3}},"5":{"start":{"line":27,"column":1},"end":{"line":27,"column":26}},"6":{"start":{"line":34,"column":0},"end":{"line":65,"column":2}},"7":{"start":{"line":36,"column":1},"end":{"line":36,"column":18}},"8":{"start":{"line":39,"column":1},"end":{"line":39,"column":53}},"9":{"start":{"line":42,"column":1},"end":{"line":42,"column":17}},"10":{"start":{"line":45,"column":1},"end":{"line":62,"column":2}},"11":{"start":{"line":46,"column":2},"end":{"line":48,"column":5}},"12":{"start":{"line":47,"column":3},"end":{"line":47,"column":76}},"13":{"start":{"line":49,"column":8},"end":{"line":62,"column":2}},"14":{"start":{"line":50,"column":2},"end":{"line":61,"column":3}},"15":{"start":{"line":51,"column":3},"end":{"line":51,"column":29}},"16":{"start":{"line":53,"column":3},"end":{"line":53,"column":38}},"17":{"start":{"line":54,"column":3},"end":{"line":58,"column":4}},"18":{"start":{"line":55,"column":4},"end":{"line":57,"column":7}},"19":{"start":{"line":56,"column":5},"end":{"line":56,"column":41}},"20":{"start":{"line":60,"column":3},"end":{"line":60,"column":35}},"21":{"start":{"line":64,"column":1},"end":{"line":64,"column":15}},"22":{"start":{"line":67,"column":0},"end":{"line":71,"column":2}},"23":{"start":{"line":68,"column":1},"end":{"line":70,"column":4}},"24":{"start":{"line":69,"column":2},"end":{"line":69,"column":57}},"25":{"start":{"line":76,"column":0},"end":{"line":78,"column":2}},"26":{"start":{"line":77,"column":1},"end":{"line":77,"column":62}},"27":{"start":{"line":79,"column":0},"end":{"line":81,"column":2}},"28":{"start":{"line":80,"column":1},"end":{"line":80,"column":63}},"29":{"start":{"line":82,"column":0},"end":{"line":84,"column":2}},"30":{"start":{"line":83,"column":1},"end":{"line":83,"column":77}},"31":{"start":{"line":89,"column":0},"end":{"line":98,"column":2}},"32":{"start":{"line":90,"column":1},"end":{"line":90,"column":62}},"33":{"start":{"line":93,"column":1},"end":{"line":95,"column":2}},"34":{"start":{"line":94,"column":2},"end":{"line":94,"column":68}},"35":{"start":{"line":97,"column":1},"end":{"line":97,"column":15}},"36":{"start":{"line":103,"column":0},"end":{"line":106,"column":2}},"37":{"start":{"line":104,"column":1},"end":{"line":104,"column":63}},"38":{"start":{"line":105,"column":1},"end":{"line":105,"column":15}}},"branchMap":{"1":{"line":17,"type":"binary-expr","locations":[{"start":{"line":17,"column":2},"end":{"line":17,"column":42}},{"start":{"line":17,"column":46},"end":{"line":17,"column":48}}]},"2":{"line":21,"type":"if","locations":[{"start":{"line":21,"column":0},"end":{"line":21,"column":0}},{"start":{"line":21,"column":0},"end":{"line":21,"column":0}}]},"3":{"line":45,"type":"if","locations":[{"start":{"line":45,"column":1},"end":{"line":45,"column":1}},{"start":{"line":45,"column":1},"end":{"line":45,"column":1}}]},"4":{"line":49,"type":"if","locations":[{"start":{"line":49,"column":8},"end":{"line":49,"column":8}},{"start":{"line":49,"column":8},"end":{"line":49,"column":8}}]},"5":{"line":50,"type":"if","locations":[{"start":{"line":50,"column":2},"end":{"line":50,"column":2}},{"start":{"line":50,"column":2},"end":{"line":50,"column":2}}]},"6":{"line":54,"type":"if","locations":[{"start":{"line":54,"column":3},"end":{"line":54,"column":3}},{"start":{"line":54,"column":3},"end":{"line":54,"column":3}}]},"7":{"line":93,"type":"if","locations":[{"start":{"line":93,"column":1},"end":{"line":93,"column":1}},{"start":{"line":93,"column":1},"end":{"line":93,"column":1}}]}}},"/Volumes/untitled/Dev/KMC Contracting/kiosk_form/config/env/all.js":{"path":"/Volumes/untitled/Dev/KMC Contracting/kiosk_form/config/env/all.js","s":{"1":1},"b":{"1":[1,1],"2":[1,1],"3":[1,1]},"f":{},"fnMap":{},"statementMap":{"1":{"start":{"line":3,"column":0},"end":{"line":91,"column":2}}},"branchMap":{"1":{"line":9,"type":"binary-expr","locations":[{"start":{"line":9,"column":7},"end":{"line":9,"column":23}},{"start":{"line":9,"column":27},"end":{"line":9,"column":31}}]},"2":{"line":16,"type":"binary-expr","locations":[{"start":{"line":16,"column":7},"end":{"line":16,"column":32}},{"start":{"line":16,"column":36},"end":{"line":16,"column":38}}]},"3":{"line":17,"type":"binary-expr","locations":[{"start":{"line":17,"column":14},"end":{"line":17,"column":43}},{"start":{"line":17,"column":47},"end":{"line":17,"column":49}}]}}},"/Volumes/untitled/Dev/KMC Contracting/kiosk_form/config/env/test.js":{"path":"/Volumes/untitled/Dev/KMC Contracting/kiosk_form/config/env/test.js","s":{"1":1},"b":{"1":[1,1],"2":[1,1],"3":[1,1],"4":[1,1],"5":[1,1],"6":[1,1],"7":[1,1],"8":[1,1],"9":[1,1],"10":[1,1],"11":[1,1],"12":[1,1],"13":[1,1],"14":[1,1],"15":[1,1],"16":[1,1],"17":[1,1],"18":[1,1]},"f":{},"fnMap":{},"statementMap":{"1":{"start":{"line":3,"column":0},"end":{"line":70,"column":2}}},"branchMap":{"1":{"line":26,"type":"binary-expr","locations":[{"start":{"line":26,"column":12},"end":{"line":26,"column":35}},{"start":{"line":26,"column":39},"end":{"line":26,"column":47}}]},"2":{"line":27,"type":"binary-expr","locations":[{"start":{"line":27,"column":16},"end":{"line":27,"column":43}},{"start":{"line":27,"column":47},"end":{"line":27,"column":59}}]},"3":{"line":31,"type":"binary-expr","locations":[{"start":{"line":31,"column":12},"end":{"line":31,"column":35}},{"start":{"line":31,"column":39},"end":{"line":31,"column":53}}]},"4":{"line":32,"type":"binary-expr","locations":[{"start":{"line":32,"column":16},"end":{"line":32,"column":42}},{"start":{"line":32,"column":46},"end":{"line":32,"column":63}}]},"5":{"line":36,"type":"binary-expr","locations":[{"start":{"line":36,"column":12},"end":{"line":36,"column":33}},{"start":{"line":36,"column":37},"end":{"line":36,"column":45}}]},"6":{"line":37,"type":"binary-expr","locations":[{"start":{"line":37,"column":16},"end":{"line":37,"column":41}},{"start":{"line":37,"column":45},"end":{"line":37,"column":57}}]},"7":{"line":41,"type":"binary-expr","locations":[{"start":{"line":41,"column":12},"end":{"line":41,"column":35}},{"start":{"line":41,"column":39},"end":{"line":41,"column":47}}]},"8":{"line":42,"type":"binary-expr","locations":[{"start":{"line":42,"column":16},"end":{"line":42,"column":43}},{"start":{"line":42,"column":47},"end":{"line":42,"column":59}}]},"9":{"line":46,"type":"binary-expr","locations":[{"start":{"line":46,"column":12},"end":{"line":46,"column":33}},{"start":{"line":46,"column":37},"end":{"line":46,"column":45}}]},"10":{"line":47,"type":"binary-expr","locations":[{"start":{"line":47,"column":16},"end":{"line":47,"column":41}},{"start":{"line":47,"column":45},"end":{"line":47,"column":57}}]},"11":{"line":51,"type":"binary-expr","locations":[{"start":{"line":51,"column":8},"end":{"line":51,"column":31}},{"start":{"line":51,"column":35},"end":{"line":51,"column":48}}]},"12":{"line":53,"type":"binary-expr","locations":[{"start":{"line":53,"column":12},"end":{"line":53,"column":47}},{"start":{"line":53,"column":51},"end":{"line":53,"column":53}}]},"13":{"line":55,"type":"binary-expr","locations":[{"start":{"line":55,"column":10},"end":{"line":55,"column":37}},{"start":{"line":55,"column":41},"end":{"line":55,"column":43}}]},"14":{"line":56,"type":"binary-expr","locations":[{"start":{"line":56,"column":10},"end":{"line":56,"column":37}},{"start":{"line":56,"column":41},"end":{"line":56,"column":43}}]},"15":{"line":61,"type":"binary-expr","locations":[{"start":{"line":61,"column":11},"end":{"line":61,"column":40}},{"start":{"line":61,"column":44},"end":{"line":61,"column":63}}]},"16":{"line":63,"type":"binary-expr","locations":[{"start":{"line":63,"column":15},"end":{"line":63,"column":47}},{"start":{"line":63,"column":51},"end":{"line":63,"column":73}}]},"17":{"line":66,"type":"binary-expr","locations":[{"start":{"line":66,"column":9},"end":{"line":66,"column":35}},{"start":{"line":66,"column":39},"end":{"line":66,"column":67}}]},"18":{"line":67,"type":"binary-expr","locations":[{"start":{"line":67,"column":9},"end":{"line":67,"column":35}},{"start":{"line":67,"column":39},"end":{"line":67,"column":67}}]}}},"/Volumes/untitled/Dev/KMC Contracting/kiosk_form/config/env/api_keys.js":{"path":"/Volumes/untitled/Dev/KMC Contracting/kiosk_form/config/env/api_keys.js","s":{"1":1},"b":{"1":[1,1]},"f":{},"fnMap":{},"statementMap":{"1":{"start":{"line":1,"column":0},"end":{"line":27,"column":2}}},"branchMap":{"1":{"line":12,"type":"binary-expr","locations":[{"start":{"line":12,"column":16},"end":{"line":12,"column":42}},{"start":{"line":12,"column":46},"end":{"line":12,"column":67}}]}}},"/Volumes/untitled/Dev/KMC Contracting/kiosk_form/config/express.js":{"path":"/Volumes/untitled/Dev/KMC Contracting/kiosk_form/config/express.js","s":{"1":1,"2":1,"3":1,"4":1,"5":5,"6":1,"7":1,"8":1,"9":1,"10":1,"11":1,"12":1,"13":1,"14":1,"15":1,"16":4,"17":0,"18":4,"19":4,"20":1,"21":4,"22":1,"23":1,"24":1,"25":1,"26":1,"27":1,"28":0,"29":1,"30":0,"31":1,"32":1,"33":1,"34":1,"35":1,"36":1,"37":1,"38":1,"39":1,"40":1,"41":1,"42":1,"43":1,"44":1,"45":1,"46":1,"47":1,"48":3,"49":1,"50":0,"51":0,"52":0,"53":0,"54":0,"55":1,"56":1,"57":1,"58":0,"59":0,"60":0,"61":0,"62":0,"63":1,"64":0,"65":0,"66":1,"67":0,"68":0,"69":0,"70":0,"71":1},"b":{"1":[0,4],"2":[0,1],"3":[0,1],"4":[0,0],"5":[0,1]},"f":{"1":1,"2":5,"3":4,"4":4,"5":3,"6":0,"7":0,"8":0},"fnMap":{"1":{"name":"(anonymous_1)","line":31,"loc":{"start":{"line":31,"column":17},"end":{"line":31,"column":30}}},"2":{"name":"(anonymous_2)","line":36,"loc":{"start":{"line":36,"column":56},"end":{"line":36,"column":76}}},"3":{"name":"(anonymous_3)","line":54,"loc":{"start":{"line":54,"column":9},"end":{"line":54,"column":34}}},"4":{"name":"(anonymous_4)","line":65,"loc":{"start":{"line":65,"column":10},"end":{"line":65,"column":29}}},"5":{"name":"(anonymous_5)","line":139,"loc":{"start":{"line":139,"column":56},"end":{"line":139,"column":76}}},"6":{"name":"(anonymous_6)","line":144,"loc":{"start":{"line":144,"column":9},"end":{"line":144,"column":35}}},"7":{"name":"(anonymous_7)","line":170,"loc":{"start":{"line":170,"column":9},"end":{"line":170,"column":39}}},"8":{"name":"(anonymous_8)","line":185,"loc":{"start":{"line":185,"column":9},"end":{"line":185,"column":28}}}},"statementMap":{"1":{"start":{"line":6,"column":0},"end":{"line":27,"column":39}},"2":{"start":{"line":31,"column":0},"end":{"line":210,"column":2}},"3":{"start":{"line":33,"column":1},"end":{"line":33,"column":21}},"4":{"start":{"line":36,"column":1},"end":{"line":38,"column":4}},"5":{"start":{"line":37,"column":2},"end":{"line":37,"column":35}},"6":{"start":{"line":41,"column":1},"end":{"line":41,"column":37}},"7":{"start":{"line":42,"column":1},"end":{"line":42,"column":49}},"8":{"start":{"line":43,"column":1},"end":{"line":43,"column":43}},"9":{"start":{"line":44,"column":1},"end":{"line":44,"column":53}},"10":{"start":{"line":46,"column":1},"end":{"line":46,"column":53}},"11":{"start":{"line":47,"column":1},"end":{"line":47,"column":55}},"12":{"start":{"line":48,"column":1},"end":{"line":48,"column":59}},"13":{"start":{"line":50,"column":1},"end":{"line":50,"column":51}},"14":{"start":{"line":51,"column":1},"end":{"line":51,"column":45}},"15":{"start":{"line":54,"column":1},"end":{"line":60,"column":4}},"16":{"start":{"line":55,"column":2},"end":{"line":57,"column":3}},"17":{"start":{"line":56,"column":3},"end":{"line":56,"column":60}},"18":{"start":{"line":58,"column":5},"end":{"line":58,"column":72}},"19":{"start":{"line":59,"column":2},"end":{"line":59,"column":9}},"20":{"start":{"line":63,"column":1},"end":{"line":70,"column":5}},"21":{"start":{"line":66,"column":3},"end":{"line":66,"column":75}},"22":{"start":{"line":73,"column":1},"end":{"line":73,"column":33}},"23":{"start":{"line":77,"column":1},"end":{"line":77,"column":68}},"24":{"start":{"line":80,"column":1},"end":{"line":80,"column":44}},"25":{"start":{"line":81,"column":1},"end":{"line":81,"column":33}},"26":{"start":{"line":84,"column":1},"end":{"line":84,"column":64}},"27":{"start":{"line":87,"column":1},"end":{"line":92,"column":2}},"28":{"start":{"line":89,"column":2},"end":{"line":89,"column":31}},"29":{"start":{"line":90,"column":8},"end":{"line":92,"column":2}},"30":{"start":{"line":91,"column":2},"end":{"line":91,"column":30}},"31":{"start":{"line":95,"column":1},"end":{"line":97,"column":5}},"32":{"start":{"line":98,"column":1},"end":{"line":98,"column":28}},"33":{"start":{"line":99,"column":1},"end":{"line":99,"column":27}},"34":{"start":{"line":102,"column":1},"end":{"line":102,"column":26}},"35":{"start":{"line":103,"column":1},"end":{"line":103,"column":29}},"36":{"start":{"line":104,"column":1},"end":{"line":104,"column":27}},"37":{"start":{"line":105,"column":1},"end":{"line":105,"column":28}},"38":{"start":{"line":106,"column":1},"end":{"line":106,"column":29}},"39":{"start":{"line":109,"column":1},"end":{"line":109,"column":56}},"40":{"start":{"line":110,"column":1},"end":{"line":110,"column":64}},"41":{"start":{"line":113,"column":1},"end":{"line":113,"column":25}},"42":{"start":{"line":116,"column":1},"end":{"line":126,"column":5}},"43":{"start":{"line":129,"column":1},"end":{"line":129,"column":32}},"44":{"start":{"line":130,"column":1},"end":{"line":130,"column":29}},"45":{"start":{"line":133,"column":1},"end":{"line":133,"column":51}},"46":{"start":{"line":136,"column":1},"end":{"line":136,"column":18}},"47":{"start":{"line":139,"column":1},"end":{"line":141,"column":4}},"48":{"start":{"line":140,"column":2},"end":{"line":140,"column":40}},"49":{"start":{"line":144,"column":1},"end":{"line":161,"column":4}},"50":{"start":{"line":147,"column":5},"end":{"line":147,"column":80}},"51":{"start":{"line":150,"column":5},"end":{"line":150,"column":93}},"52":{"start":{"line":153,"column":5},"end":{"line":153,"column":84}},"53":{"start":{"line":157,"column":5},"end":{"line":157,"column":61}},"54":{"start":{"line":160,"column":5},"end":{"line":160,"column":12}},"55":{"start":{"line":164,"column":1},"end":{"line":164,"column":62}},"56":{"start":{"line":167,"column":1},"end":{"line":167,"column":60}},"57":{"start":{"line":170,"column":1},"end":{"line":182,"column":4}},"58":{"start":{"line":172,"column":2},"end":{"line":172,"column":26}},"59":{"start":{"line":172,"column":12},"end":{"line":172,"column":26}},"60":{"start":{"line":175,"column":2},"end":{"line":175,"column":27}},"61":{"start":{"line":176,"column":2},"end":{"line":176,"column":27}},"62":{"start":{"line":179,"column":2},"end":{"line":181,"column":5}},"63":{"start":{"line":185,"column":1},"end":{"line":191,"column":4}},"64":{"start":{"line":186,"column":2},"end":{"line":186,"column":51}},"65":{"start":{"line":187,"column":2},"end":{"line":190,"column":5}},"66":{"start":{"line":193,"column":1},"end":{"line":206,"column":2}},"67":{"start":{"line":195,"column":2},"end":{"line":195,"column":72}},"68":{"start":{"line":196,"column":2},"end":{"line":196,"column":74}},"69":{"start":{"line":199,"column":2},"end":{"line":202,"column":10}},"70":{"start":{"line":205,"column":2},"end":{"line":205,"column":21}},"71":{"start":{"line":209,"column":1},"end":{"line":209,"column":12}}},"branchMap":{"1":{"line":55,"type":"if","locations":[{"start":{"line":55,"column":2},"end":{"line":55,"column":2}},{"start":{"line":55,"column":2},"end":{"line":55,"column":2}}]},"2":{"line":87,"type":"if","locations":[{"start":{"line":87,"column":1},"end":{"line":87,"column":1}},{"start":{"line":87,"column":1},"end":{"line":87,"column":1}}]},"3":{"line":90,"type":"if","locations":[{"start":{"line":90,"column":8},"end":{"line":90,"column":8}},{"start":{"line":90,"column":8},"end":{"line":90,"column":8}}]},"4":{"line":172,"type":"if","locations":[{"start":{"line":172,"column":2},"end":{"line":172,"column":2}},{"start":{"line":172,"column":2},"end":{"line":172,"column":2}}]},"5":{"line":193,"type":"if","locations":[{"start":{"line":193,"column":1},"end":{"line":193,"column":1}},{"start":{"line":193,"column":1},"end":{"line":193,"column":1}}]}}},"/Volumes/untitled/Dev/KMC Contracting/kiosk_form/config/logger.js":{"path":"/Volumes/untitled/Dev/KMC Contracting/kiosk_form/config/logger.js","s":{"1":1,"2":1,"3":1,"4":1,"5":1,"6":1,"7":1,"8":1,"9":0,"10":0,"11":1},"b":{"1":[0,1]},"f":{"1":1,"2":1},"fnMap":{"1":{"name":"(anonymous_1)","line":16,"loc":{"start":{"line":16,"column":15},"end":{"line":16,"column":26}}},"2":{"name":"(anonymous_2)","line":20,"loc":{"start":{"line":20,"column":16},"end":{"line":20,"column":27}}}},"statementMap":{"1":{"start":{"line":7,"column":0},"end":{"line":7,"column":31}},"2":{"start":{"line":8,"column":0},"end":{"line":8,"column":33}},"3":{"start":{"line":9,"column":0},"end":{"line":9,"column":29}},"4":{"start":{"line":14,"column":0},"end":{"line":36,"column":2}},"5":{"start":{"line":17,"column":2},"end":{"line":17,"column":27}},"6":{"start":{"line":21,"column":2},"end":{"line":21,"column":19}},"7":{"start":{"line":23,"column":2},"end":{"line":31,"column":3}},"8":{"start":{"line":24,"column":3},"end":{"line":28,"column":4}},"9":{"start":{"line":25,"column":4},"end":{"line":27,"column":6}},"10":{"start":{"line":30,"column":3},"end":{"line":30,"column":16}},"11":{"start":{"line":33,"column":2},"end":{"line":33,"column":17}}},"branchMap":{"1":{"line":24,"type":"if","locations":[{"start":{"line":24,"column":3},"end":{"line":24,"column":3}},{"start":{"line":24,"column":3},"end":{"line":24,"column":3}}]}}},"/Volumes/untitled/Dev/KMC Contracting/kiosk_form/app/models/form_field.server.model.js":{"path":"/Volumes/untitled/Dev/KMC Contracting/kiosk_form/app/models/form_field.server.model.js","s":{"1":1,"2":1,"3":1,"4":1,"5":1,"6":5,"7":5,"8":1,"9":1},"b":{},"f":{"1":5},"fnMap":{"1":{"name":"(anonymous_1)","line":98,"loc":{"start":{"line":98,"column":28},"end":{"line":98,"column":43}}}},"statementMap":{"1":{"start":{"line":6,"column":0},"end":{"line":9,"column":26}},"2":{"start":{"line":11,"column":0},"end":{"line":24,"column":3}},"3":{"start":{"line":30,"column":0},"end":{"line":90,"column":3}},"4":{"start":{"line":92,"column":0},"end":{"line":96,"column":3}},"5":{"start":{"line":98,"column":0},"end":{"line":101,"column":3}},"6":{"start":{"line":99,"column":1},"end":{"line":99,"column":84}},"7":{"start":{"line":100,"column":1},"end":{"line":100,"column":8}},"8":{"start":{"line":104,"column":0},"end":{"line":104,"column":41}},"9":{"start":{"line":106,"column":0},"end":{"line":106,"column":33}}},"branchMap":{}},"/Volumes/untitled/Dev/KMC Contracting/kiosk_form/app/models/form_submission.server.model.js":{"path":"/Volumes/untitled/Dev/KMC Contracting/kiosk_form/app/models/form_submission.server.model.js","s":{"1":1,"2":1,"3":1,"4":1,"5":1,"6":0,"7":0,"8":0,"9":0,"10":0,"11":0,"12":0,"13":0,"14":0,"15":0,"16":0,"17":0,"18":0,"19":0,"20":0,"21":0,"22":0,"23":0,"24":0,"25":0,"26":0,"27":0,"28":0,"29":0,"30":0,"31":0,"32":0,"33":0,"34":0,"35":0,"36":0,"37":0,"38":0,"39":0,"40":0,"41":0,"42":0,"43":0,"44":0,"45":0,"46":0,"47":0,"48":0,"49":0,"50":0,"51":0,"52":0,"53":0,"54":0,"55":0,"56":0,"57":0,"58":0,"59":0,"60":1,"61":0,"62":0,"63":0,"64":0,"65":0,"66":0,"67":0,"68":0,"69":0,"70":1,"71":0,"72":0,"73":0,"74":0,"75":0,"76":0,"77":0,"78":0,"79":0,"80":0,"81":0,"82":0,"83":0,"84":1},"b":{"1":[0,0],"2":[0,0],"3":[0,0],"4":[0,0,0],"5":[0,0],"6":[0,0],"7":[0,0],"8":[0,0],"9":[0,0],"10":[0,0],"11":[0,0],"12":[0,0],"13":[0,0],"14":[0,0],"15":[0,0],"16":[0,0],"17":[0,0]},"f":{"1":0,"2":0,"3":0,"4":0,"5":0,"6":0,"7":0,"8":0,"9":0,"10":0,"11":0,"12":0,"13":0,"14":0,"15":0},"fnMap":{"1":{"name":"(anonymous_1)","line":129,"loc":{"start":{"line":129,"column":33},"end":{"line":129,"column":49}}},"2":{"name":"(anonymous_2)","line":134,"loc":{"start":{"line":134,"column":45},"end":{"line":134,"column":65}}},"3":{"name":"(anonymous_3)","line":135,"loc":{"start":{"line":135,"column":59},"end":{"line":135,"column":71}}},"4":{"name":"(anonymous_4)","line":163,"loc":{"start":{"line":163,"column":24},"end":{"line":163,"column":81}}},"5":{"name":"(anonymous_5)","line":191,"loc":{"start":{"line":191,"column":5},"end":{"line":191,"column":25}}},"6":{"name":"(anonymous_6)","line":193,"loc":{"start":{"line":193,"column":44},"end":{"line":193,"column":66}}},"7":{"name":"(anonymous_7)","line":194,"loc":{"start":{"line":194,"column":32},"end":{"line":194,"column":55}}},"8":{"name":"(anonymous_8)","line":202,"loc":{"start":{"line":202,"column":5},"end":{"line":202,"column":39}}},"9":{"name":"(anonymous_9)","line":205,"loc":{"start":{"line":205,"column":44},"end":{"line":205,"column":66}}},"10":{"name":"(anonymous_10)","line":208,"loc":{"start":{"line":208,"column":63},"end":{"line":208,"column":86}}},"11":{"name":"(anonymous_11)","line":218,"loc":{"start":{"line":218,"column":7},"end":{"line":218,"column":29}}},"12":{"name":"(anonymous_12)","line":236,"loc":{"start":{"line":236,"column":33},"end":{"line":236,"column":48}}},"13":{"name":"(anonymous_13)","line":240,"loc":{"start":{"line":240,"column":38},"end":{"line":240,"column":61}}},"14":{"name":"(anonymous_14)","line":251,"loc":{"start":{"line":251,"column":33},"end":{"line":251,"column":49}}},"15":{"name":"(anonymous_15)","line":264,"loc":{"start":{"line":264,"column":61},"end":{"line":264,"column":74}}}},"statementMap":{"1":{"start":{"line":6,"column":0},"end":{"line":18,"column":66}},"2":{"start":{"line":20,"column":0},"end":{"line":42,"column":2}},"3":{"start":{"line":47,"column":0},"end":{"line":120,"column":3}},"4":{"start":{"line":122,"column":0},"end":{"line":126,"column":3}},"5":{"start":{"line":129,"column":0},"end":{"line":233,"column":3}},"6":{"start":{"line":131,"column":1},"end":{"line":131,"column":17}},"7":{"start":{"line":133,"column":1},"end":{"line":231,"column":2}},"8":{"start":{"line":134,"column":2},"end":{"line":228,"column":5}},"9":{"start":{"line":135,"column":3},"end":{"line":136,"column":54}},"10":{"start":{"line":135,"column":73},"end":{"line":135,"column":86}},"11":{"start":{"line":143,"column":3},"end":{"line":143,"column":21}},"12":{"start":{"line":143,"column":11},"end":{"line":143,"column":21}},"13":{"start":{"line":147,"column":3},"end":{"line":227,"column":4}},"14":{"start":{"line":148,"column":4},"end":{"line":148,"column":38}},"15":{"start":{"line":149,"column":5},"end":{"line":150,"column":76}},"16":{"start":{"line":152,"column":5},"end":{"line":152,"column":91}},"17":{"start":{"line":154,"column":5},"end":{"line":159,"column":7}},"18":{"start":{"line":163,"column":5},"end":{"line":185,"column":7}},"19":{"start":{"line":164,"column":6},"end":{"line":164,"column":44}},"20":{"start":{"line":165,"column":6},"end":{"line":165,"column":33}},"21":{"start":{"line":166,"column":6},"end":{"line":166,"column":55}},"22":{"start":{"line":168,"column":6},"end":{"line":180,"column":7}},"23":{"start":{"line":169,"column":7},"end":{"line":169,"column":33}},"24":{"start":{"line":170,"column":7},"end":{"line":170,"column":51}},"25":{"start":{"line":172,"column":7},"end":{"line":179,"column":8}},"26":{"start":{"line":173,"column":8},"end":{"line":173,"column":63}},"27":{"start":{"line":174,"column":13},"end":{"line":179,"column":8}},"28":{"start":{"line":175,"column":8},"end":{"line":175,"column":50}},"29":{"start":{"line":176,"column":8},"end":{"line":176,"column":55}},"30":{"start":{"line":177,"column":8},"end":{"line":177,"column":59}},"31":{"start":{"line":178,"column":8},"end":{"line":178,"column":57}},"32":{"start":{"line":181,"column":6},"end":{"line":181,"column":32}},"33":{"start":{"line":182,"column":6},"end":{"line":182,"column":116}},"34":{"start":{"line":183,"column":6},"end":{"line":183,"column":61}},"35":{"start":{"line":184,"column":6},"end":{"line":184,"column":28}},"36":{"start":{"line":187,"column":5},"end":{"line":187,"column":124}},"37":{"start":{"line":189,"column":5},"end":{"line":189,"column":40}},"38":{"start":{"line":190,"column":4},"end":{"line":224,"column":7}},"39":{"start":{"line":193,"column":6},"end":{"line":199,"column":9}},"40":{"start":{"line":194,"column":7},"end":{"line":198,"column":10}},"41":{"start":{"line":195,"column":8},"end":{"line":195,"column":30}},"42":{"start":{"line":195,"column":16},"end":{"line":195,"column":30}},"43":{"start":{"line":196,"column":8},"end":{"line":196,"column":42}},"44":{"start":{"line":197,"column":8},"end":{"line":197,"column":38}},"45":{"start":{"line":204,"column":6},"end":{"line":215,"column":7}},"46":{"start":{"line":205,"column":7},"end":{"line":214,"column":10}},"47":{"start":{"line":206,"column":8},"end":{"line":206,"column":103}},"48":{"start":{"line":208,"column":8},"end":{"line":213,"column":11}},"49":{"start":{"line":209,"column":9},"end":{"line":209,"column":52}},"50":{"start":{"line":211,"column":9},"end":{"line":211,"column":31}},"51":{"start":{"line":211,"column":17},"end":{"line":211,"column":31}},"52":{"start":{"line":212,"column":9},"end":{"line":212,"column":32}},"53":{"start":{"line":219,"column":5},"end":{"line":219,"column":23}},"54":{"start":{"line":219,"column":13},"end":{"line":219,"column":23}},"55":{"start":{"line":221,"column":5},"end":{"line":221,"column":53}},"56":{"start":{"line":222,"column":5},"end":{"line":222,"column":58}},"57":{"start":{"line":223,"column":5},"end":{"line":223,"column":12}},"58":{"start":{"line":226,"column":4},"end":{"line":226,"column":11}},"59":{"start":{"line":230,"column":2},"end":{"line":230,"column":9}},"60":{"start":{"line":236,"column":0},"end":{"line":248,"column":3}},"61":{"start":{"line":237,"column":1},"end":{"line":237,"column":17}},"62":{"start":{"line":238,"column":1},"end":{"line":246,"column":2}},"63":{"start":{"line":239,"column":2},"end":{"line":245,"column":3}},"64":{"start":{"line":240,"column":3},"end":{"line":244,"column":6}},"65":{"start":{"line":241,"column":4},"end":{"line":241,"column":22}},"66":{"start":{"line":241,"column":12},"end":{"line":241,"column":22}},"67":{"start":{"line":242,"column":4},"end":{"line":242,"column":44}},"68":{"start":{"line":243,"column":4},"end":{"line":243,"column":11}},"69":{"start":{"line":247,"column":1},"end":{"line":247,"column":8}},"70":{"start":{"line":251,"column":0},"end":{"line":275,"column":3}},"71":{"start":{"line":252,"column":1},"end":{"line":254,"column":20}},"72":{"start":{"line":257,"column":1},"end":{"line":274,"column":2}},"73":{"start":{"line":258,"column":2},"end":{"line":258,"column":79}},"74":{"start":{"line":259,"column":2},"end":{"line":259,"column":93}},"75":{"start":{"line":260,"column":2},"end":{"line":260,"column":47}},"76":{"start":{"line":262,"column":2},"end":{"line":262,"column":31}},"77":{"start":{"line":264,"column":2},"end":{"line":271,"column":5}},"78":{"start":{"line":265,"column":3},"end":{"line":268,"column":4}},"79":{"start":{"line":266,"column":4},"end":{"line":266,"column":48}},"80":{"start":{"line":267,"column":4},"end":{"line":267,"column":35}},"81":{"start":{"line":269,"column":3},"end":{"line":269,"column":104}},"82":{"start":{"line":270,"column":3},"end":{"line":270,"column":10}},"83":{"start":{"line":273,"column":2},"end":{"line":273,"column":9}},"84":{"start":{"line":277,"column":0},"end":{"line":277,"column":38}}},"branchMap":{"1":{"line":133,"type":"if","locations":[{"start":{"line":133,"column":1},"end":{"line":133,"column":1}},{"start":{"line":133,"column":1},"end":{"line":133,"column":1}}]},"2":{"line":143,"type":"if","locations":[{"start":{"line":143,"column":3},"end":{"line":143,"column":3}},{"start":{"line":143,"column":3},"end":{"line":143,"column":3}}]},"3":{"line":147,"type":"if","locations":[{"start":{"line":147,"column":3},"end":{"line":147,"column":3}},{"start":{"line":147,"column":3},"end":{"line":147,"column":3}}]},"4":{"line":147,"type":"binary-expr","locations":[{"start":{"line":147,"column":6},"end":{"line":147,"column":24}},{"start":{"line":147,"column":28},"end":{"line":147,"column":59}},{"start":{"line":147,"column":63},"end":{"line":147,"column":104}}]},"5":{"line":172,"type":"if","locations":[{"start":{"line":172,"column":7},"end":{"line":172,"column":7}},{"start":{"line":172,"column":7},"end":{"line":172,"column":7}}]},"6":{"line":174,"type":"if","locations":[{"start":{"line":174,"column":13},"end":{"line":174,"column":13}},{"start":{"line":174,"column":13},"end":{"line":174,"column":13}}]},"7":{"line":195,"type":"if","locations":[{"start":{"line":195,"column":8},"end":{"line":195,"column":8}},{"start":{"line":195,"column":8},"end":{"line":195,"column":8}}]},"8":{"line":204,"type":"if","locations":[{"start":{"line":204,"column":6},"end":{"line":204,"column":6}},{"start":{"line":204,"column":6},"end":{"line":204,"column":6}}]},"9":{"line":211,"type":"if","locations":[{"start":{"line":211,"column":9},"end":{"line":211,"column":9}},{"start":{"line":211,"column":9},"end":{"line":211,"column":9}}]},"10":{"line":219,"type":"if","locations":[{"start":{"line":219,"column":5},"end":{"line":219,"column":5}},{"start":{"line":219,"column":5},"end":{"line":219,"column":5}}]},"11":{"line":238,"type":"if","locations":[{"start":{"line":238,"column":1},"end":{"line":238,"column":1}},{"start":{"line":238,"column":1},"end":{"line":238,"column":1}}]},"12":{"line":239,"type":"if","locations":[{"start":{"line":239,"column":2},"end":{"line":239,"column":2}},{"start":{"line":239,"column":2},"end":{"line":239,"column":2}}]},"13":{"line":239,"type":"binary-expr","locations":[{"start":{"line":239,"column":5},"end":{"line":239,"column":30}},{"start":{"line":239,"column":34},"end":{"line":239,"column":51}}]},"14":{"line":241,"type":"if","locations":[{"start":{"line":241,"column":4},"end":{"line":241,"column":4}},{"start":{"line":241,"column":4},"end":{"line":241,"column":4}}]},"15":{"line":257,"type":"if","locations":[{"start":{"line":257,"column":1},"end":{"line":257,"column":1}},{"start":{"line":257,"column":1},"end":{"line":257,"column":1}}]},"16":{"line":257,"type":"binary-expr","locations":[{"start":{"line":257,"column":4},"end":{"line":257,"column":12}},{"start":{"line":257,"column":16},"end":{"line":257,"column":29}}]},"17":{"line":265,"type":"if","locations":[{"start":{"line":265,"column":3},"end":{"line":265,"column":3}},{"start":{"line":265,"column":3},"end":{"line":265,"column":3}}]}}},"/Volumes/untitled/Dev/KMC Contracting/kiosk_form/scripts/oscarhost/OscarSecurity.js":{"path":"/Volumes/untitled/Dev/KMC Contracting/kiosk_form/scripts/oscarhost/OscarSecurity.js","s":{"1":1,"2":1,"3":0,"4":0,"5":1,"6":0,"7":0,"8":1},"b":{},"f":{"1":0,"2":0},"fnMap":{"1":{"name":"WSSecurity","line":6,"loc":{"start":{"line":6,"column":0},"end":{"line":6,"column":40}}},"2":{"name":"(anonymous_2)","line":11,"loc":{"start":{"line":11,"column":29},"end":{"line":11,"column":40}}}},"statementMap":{"1":{"start":{"line":3,"column":0},"end":{"line":4,"column":62}},"2":{"start":{"line":6,"column":0},"end":{"line":9,"column":1}},"3":{"start":{"line":7,"column":2},"end":{"line":7,"column":28}},"4":{"start":{"line":8,"column":2},"end":{"line":8,"column":28}},"5":{"start":{"line":11,"column":0},"end":{"line":21,"column":2}},"6":{"start":{"line":12,"column":2},"end":{"line":12,"column":178}},"7":{"start":{"line":14,"column":2},"end":{"line":19,"column":29}},"8":{"start":{"line":23,"column":0},"end":{"line":23,"column":28}}},"branchMap":{}},"/Volumes/untitled/Dev/KMC Contracting/kiosk_form/app/models/form.server.model.js":{"path":"/Volumes/untitled/Dev/KMC Contracting/kiosk_form/app/models/form.server.model.js","s":{"1":1,"2":1,"3":1,"4":1,"5":1,"6":1,"7":1,"8":1,"9":0,"10":0,"11":0,"12":1,"13":0,"14":0,"15":0,"16":0,"17":0,"18":1,"19":1,"20":1,"21":1,"22":0,"23":0,"24":1,"25":1,"26":1,"27":0,"28":0,"29":0,"30":0,"31":0,"32":0,"33":1,"34":1,"35":0,"36":0,"37":0,"38":0,"39":0,"40":0,"41":0,"42":0,"43":0,"44":0,"45":0,"46":0,"47":0,"48":0,"49":0,"50":0,"51":0,"52":0,"53":0,"54":0,"55":0,"56":0,"57":0,"58":0,"59":0,"60":0,"61":0,"62":0,"63":0,"64":0,"65":0,"66":0,"67":0,"68":0,"69":0,"70":0,"71":0,"72":0,"73":0,"74":0,"75":0,"76":0,"77":1,"78":0,"79":0,"80":0,"81":0,"82":0,"83":0,"84":1,"85":0,"86":0,"87":0,"88":0,"89":0,"90":0,"91":0,"92":0,"93":0,"94":0,"95":0,"96":0,"97":0,"98":0,"99":0,"100":0,"101":0,"102":0,"103":0,"104":0,"105":0,"106":0,"107":0,"108":0,"109":0,"110":0,"111":0,"112":0,"113":0,"114":0,"115":0,"116":0,"117":0,"118":0,"119":0,"120":0,"121":0,"122":0,"123":0,"124":1},"b":{"1":[0,0],"2":[0,0],"3":[0,0],"4":[0,1],"5":[0,0],"6":[0,0],"7":[0,1],"8":[0,0],"9":[0,0],"10":[0,0],"11":[0,0],"12":[0,0],"13":[0,0],"14":[0,0],"15":[0,0],"16":[0,0,0],"17":[0,0],"18":[0,0],"19":[0,0],"20":[0,0],"21":[0,0],"22":[0,0,0],"23":[0,0],"24":[0,0],"25":[0,0],"26":[0,0],"27":[0,0],"28":[0,0],"29":[0,0]},"f":{"1":0,"2":0,"3":0,"4":1,"5":1,"6":0,"7":1,"8":0,"9":0,"10":0,"11":0,"12":0,"13":0,"14":0,"15":0,"16":0,"17":0,"18":0,"19":0,"20":0,"21":0,"22":0,"23":0},"fnMap":{"1":{"name":"(anonymous_1)","line":198,"loc":{"start":{"line":198,"column":23},"end":{"line":198,"column":39}}},"2":{"name":"(anonymous_2)","line":219,"loc":{"start":{"line":219,"column":25},"end":{"line":219,"column":41}}},"3":{"name":"(anonymous_3)","line":222,"loc":{"start":{"line":222,"column":27},"end":{"line":222,"column":40}}},"4":{"name":"(anonymous_4)","line":232,"loc":{"start":{"line":232,"column":23},"end":{"line":232,"column":39}}},"5":{"name":"(anonymous_5)","line":235,"loc":{"start":{"line":235,"column":37},"end":{"line":235,"column":60}}},"6":{"name":"getDeletedIndexes","line":248,"loc":{"start":{"line":248,"column":0},"end":{"line":248,"column":44}}},"7":{"name":"(anonymous_7)","line":262,"loc":{"start":{"line":262,"column":23},"end":{"line":262,"column":39}}},"8":{"name":"(anonymous_8)","line":266,"loc":{"start":{"line":266,"column":3},"end":{"line":266,"column":21}}},"9":{"name":"(anonymous_9)","line":284,"loc":{"start":{"line":284,"column":84},"end":{"line":284,"column":99}}},"10":{"name":"(anonymous_10)","line":300,"loc":{"start":{"line":300,"column":3},"end":{"line":300,"column":21}}},"11":{"name":"(anonymous_11)","line":317,"loc":{"start":{"line":317,"column":48},"end":{"line":317,"column":75}}},"12":{"name":"(anonymous_12)","line":352,"loc":{"start":{"line":352,"column":5},"end":{"line":352,"column":28}}},"13":{"name":"(anonymous_13)","line":363,"loc":{"start":{"line":363,"column":32},"end":{"line":363,"column":47}}},"14":{"name":"(anonymous_14)","line":372,"loc":{"start":{"line":372,"column":23},"end":{"line":372,"column":39}}},"15":{"name":"(anonymous_15)","line":382,"loc":{"start":{"line":382,"column":53},"end":{"line":382,"column":65}}},"16":{"name":"(anonymous_16)","line":383,"loc":{"start":{"line":383,"column":52},"end":{"line":383,"column":64}}},"17":{"name":"(anonymous_17)","line":400,"loc":{"start":{"line":400,"column":4},"end":{"line":400,"column":45}}},"18":{"name":"(anonymous_18)","line":407,"loc":{"start":{"line":407,"column":11},"end":{"line":407,"column":37}}},"19":{"name":"(anonymous_19)","line":425,"loc":{"start":{"line":425,"column":4},"end":{"line":425,"column":19}}},"20":{"name":"(anonymous_20)","line":435,"loc":{"start":{"line":435,"column":48},"end":{"line":435,"column":85}}},"21":{"name":"(anonymous_21)","line":441,"loc":{"start":{"line":441,"column":55},"end":{"line":441,"column":71}}},"22":{"name":"(anonymous_22)","line":465,"loc":{"start":{"line":465,"column":22},"end":{"line":465,"column":37}}},"23":{"name":"(anonymous_23)","line":469,"loc":{"start":{"line":469,"column":8},"end":{"line":469,"column":23}}}},"statementMap":{"1":{"start":{"line":6,"column":0},"end":{"line":15,"column":24}},"2":{"start":{"line":18,"column":0},"end":{"line":18,"column":58}},"3":{"start":{"line":19,"column":0},"end":{"line":19,"column":36}},"4":{"start":{"line":21,"column":0},"end":{"line":22,"column":73}},"5":{"start":{"line":25,"column":0},"end":{"line":42,"column":3}},"6":{"start":{"line":47,"column":0},"end":{"line":191,"column":3}},"7":{"start":{"line":193,"column":0},"end":{"line":197,"column":3}},"8":{"start":{"line":198,"column":0},"end":{"line":217,"column":3}},"9":{"start":{"line":199,"column":1},"end":{"line":199,"column":110}},"10":{"start":{"line":200,"column":1},"end":{"line":200,"column":69}},"11":{"start":{"line":216,"column":1},"end":{"line":216,"column":8}},"12":{"start":{"line":219,"column":0},"end":{"line":227,"column":3}},"13":{"start":{"line":220,"column":1},"end":{"line":226,"column":2}},"14":{"start":{"line":222,"column":2},"end":{"line":225,"column":5}},"15":{"start":{"line":223,"column":3},"end":{"line":223,"column":22}},"16":{"start":{"line":223,"column":12},"end":{"line":223,"column":22}},"17":{"start":{"line":224,"column":5},"end":{"line":224,"column":56}},"18":{"start":{"line":229,"column":0},"end":{"line":229,"column":14}},"19":{"start":{"line":232,"column":0},"end":{"line":246,"column":3}},"20":{"start":{"line":234,"column":1},"end":{"line":245,"column":7}},"21":{"start":{"line":236,"column":7},"end":{"line":244,"column":9}},"22":{"start":{"line":237,"column":8},"end":{"line":237,"column":25}},"23":{"start":{"line":238,"column":8},"end":{"line":238,"column":18}},"24":{"start":{"line":240,"column":9},"end":{"line":240,"column":30}},"25":{"start":{"line":243,"column":9},"end":{"line":243,"column":16}},"26":{"start":{"line":248,"column":0},"end":{"line":259,"column":1}},"27":{"start":{"line":249,"column":1},"end":{"line":249,"column":25}},"28":{"start":{"line":251,"column":1},"end":{"line":257,"column":2}},"29":{"start":{"line":252,"column":4},"end":{"line":256,"column":5}},"30":{"start":{"line":253,"column":6},"end":{"line":255,"column":7}},"31":{"start":{"line":254,"column":4},"end":{"line":254,"column":27}},"32":{"start":{"line":258,"column":1},"end":{"line":258,"column":23}},"33":{"start":{"line":262,"column":0},"end":{"line":370,"column":3}},"34":{"start":{"line":263,"column":1},"end":{"line":368,"column":2}},"35":{"start":{"line":264,"column":2},"end":{"line":264,"column":18}},"36":{"start":{"line":265,"column":2},"end":{"line":361,"column":5}},"37":{"start":{"line":267,"column":4},"end":{"line":297,"column":5}},"38":{"start":{"line":269,"column":5},"end":{"line":269,"column":68}},"39":{"start":{"line":271,"column":8},"end":{"line":272,"column":21}},"40":{"start":{"line":274,"column":8},"end":{"line":278,"column":9}},"41":{"start":{"line":275,"column":12},"end":{"line":275,"column":47}},"42":{"start":{"line":277,"column":12},"end":{"line":277,"column":41}},"43":{"start":{"line":279,"column":8},"end":{"line":281,"column":9}},"44":{"start":{"line":280,"column":12},"end":{"line":280,"column":155}},"45":{"start":{"line":283,"column":8},"end":{"line":283,"column":37}},"46":{"start":{"line":284,"column":8},"end":{"line":294,"column":8}},"47":{"start":{"line":285,"column":6},"end":{"line":293,"column":7}},"48":{"start":{"line":286,"column":7},"end":{"line":286,"column":26}},"49":{"start":{"line":287,"column":7},"end":{"line":287,"column":50}},"50":{"start":{"line":289,"column":7},"end":{"line":289,"column":63}},"51":{"start":{"line":290,"column":7},"end":{"line":290,"column":36}},"52":{"start":{"line":292,"column":7},"end":{"line":292,"column":30}},"53":{"start":{"line":296,"column":5},"end":{"line":296,"column":28}},"54":{"start":{"line":301,"column":4},"end":{"line":350,"column":5}},"55":{"start":{"line":302,"column":5},"end":{"line":302,"column":165}},"56":{"start":{"line":303,"column":5},"end":{"line":303,"column":65}},"57":{"start":{"line":304,"column":5},"end":{"line":312,"column":7}},"58":{"start":{"line":317,"column":5},"end":{"line":347,"column":8}},"59":{"start":{"line":318,"column":6},"end":{"line":322,"column":7}},"60":{"start":{"line":319,"column":7},"end":{"line":319,"column":47}},"61":{"start":{"line":320,"column":12},"end":{"line":322,"column":7}},"62":{"start":{"line":321,"column":7},"end":{"line":321,"column":67}},"63":{"start":{"line":325,"column":6},"end":{"line":336,"column":7}},"64":{"start":{"line":326,"column":7},"end":{"line":326,"column":35}},"65":{"start":{"line":329,"column":7},"end":{"line":331,"column":8}},"66":{"start":{"line":330,"column":8},"end":{"line":330,"column":61}},"67":{"start":{"line":334,"column":7},"end":{"line":334,"column":30}},"68":{"start":{"line":335,"column":7},"end":{"line":335,"column":31}},"69":{"start":{"line":341,"column":6},"end":{"line":341,"column":63}},"70":{"start":{"line":345,"column":6},"end":{"line":345,"column":31}},"71":{"start":{"line":346,"column":6},"end":{"line":346,"column":30}},"72":{"start":{"line":349,"column":5},"end":{"line":349,"column":29}},"73":{"start":{"line":353,"column":3},"end":{"line":357,"column":4}},"74":{"start":{"line":354,"column":4},"end":{"line":356,"column":8}},"75":{"start":{"line":358,"column":3},"end":{"line":358,"column":35}},"76":{"start":{"line":359,"column":3},"end":{"line":359,"column":10}},"77":{"start":{"line":362,"column":7},"end":{"line":368,"column":2}},"78":{"start":{"line":363,"column":2},"end":{"line":367,"column":5}},"79":{"start":{"line":364,"column":3},"end":{"line":364,"column":21}},"80":{"start":{"line":364,"column":11},"end":{"line":364,"column":21}},"81":{"start":{"line":365,"column":3},"end":{"line":365,"column":70}},"82":{"start":{"line":366,"column":3},"end":{"line":366,"column":10}},"83":{"start":{"line":369,"column":1},"end":{"line":369,"column":8}},"84":{"start":{"line":372,"column":0},"end":{"line":486,"column":3}},"85":{"start":{"line":379,"column":1},"end":{"line":485,"column":2}},"86":{"start":{"line":381,"column":2},"end":{"line":385,"column":15}},"87":{"start":{"line":382,"column":67},"end":{"line":382,"column":80}},"88":{"start":{"line":383,"column":66},"end":{"line":383,"column":79}},"89":{"start":{"line":395,"column":2},"end":{"line":482,"column":3}},"90":{"start":{"line":397,"column":3},"end":{"line":397,"column":32}},"91":{"start":{"line":399,"column":3},"end":{"line":479,"column":5}},"92":{"start":{"line":402,"column":5},"end":{"line":402,"column":46}},"93":{"start":{"line":405,"column":5},"end":{"line":422,"column":9}},"94":{"start":{"line":408,"column":7},"end":{"line":411,"column":8}},"95":{"start":{"line":409,"column":8},"end":{"line":409,"column":27}},"96":{"start":{"line":410,"column":8},"end":{"line":410,"column":29}},"97":{"start":{"line":414,"column":7},"end":{"line":419,"column":8}},"98":{"start":{"line":418,"column":8},"end":{"line":418,"column":73}},"99":{"start":{"line":421,"column":7},"end":{"line":421,"column":22}},"100":{"start":{"line":426,"column":5},"end":{"line":429,"column":6}},"101":{"start":{"line":427,"column":6},"end":{"line":427,"column":33}},"102":{"start":{"line":428,"column":6},"end":{"line":428,"column":16}},"103":{"start":{"line":435,"column":5},"end":{"line":477,"column":8}},"104":{"start":{"line":438,"column":6},"end":{"line":463,"column":7}},"105":{"start":{"line":441,"column":7},"end":{"line":444,"column":10}},"106":{"start":{"line":442,"column":8},"end":{"line":442,"column":34}},"107":{"start":{"line":443,"column":8},"end":{"line":443,"column":51}},"108":{"start":{"line":446,"column":7},"end":{"line":446,"column":56}},"109":{"start":{"line":449,"column":7},"end":{"line":462,"column":8}},"110":{"start":{"line":453,"column":8},"end":{"line":453,"column":48}},"111":{"start":{"line":455,"column":8},"end":{"line":455,"column":44}},"112":{"start":{"line":458,"column":8},"end":{"line":458,"column":53}},"113":{"start":{"line":459,"column":8},"end":{"line":459,"column":47}},"114":{"start":{"line":465,"column":6},"end":{"line":468,"column":9}},"115":{"start":{"line":466,"column":9},"end":{"line":467,"column":27}},"116":{"start":{"line":466,"column":17},"end":{"line":466,"column":31}},"117":{"start":{"line":467,"column":12},"end":{"line":467,"column":27}},"118":{"start":{"line":470,"column":6},"end":{"line":473,"column":7}},"119":{"start":{"line":471,"column":7},"end":{"line":471,"column":34}},"120":{"start":{"line":472,"column":7},"end":{"line":472,"column":17}},"121":{"start":{"line":476,"column":6},"end":{"line":476,"column":13}},"122":{"start":{"line":481,"column":3},"end":{"line":481,"column":10}},"123":{"start":{"line":484,"column":2},"end":{"line":484,"column":9}},"124":{"start":{"line":489,"column":0},"end":{"line":489,"column":35}}},"branchMap":{"1":{"line":220,"type":"if","locations":[{"start":{"line":220,"column":1},"end":{"line":220,"column":1}},{"start":{"line":220,"column":1},"end":{"line":220,"column":1}}]},"2":{"line":220,"type":"binary-expr","locations":[{"start":{"line":220,"column":4},"end":{"line":220,"column":12}},{"start":{"line":220,"column":16},"end":{"line":220,"column":54}}]},"3":{"line":223,"type":"if","locations":[{"start":{"line":223,"column":3},"end":{"line":223,"column":3}},{"start":{"line":223,"column":3},"end":{"line":223,"column":3}}]},"4":{"line":236,"type":"if","locations":[{"start":{"line":236,"column":7},"end":{"line":236,"column":7}},{"start":{"line":236,"column":7},"end":{"line":236,"column":7}}]},"5":{"line":251,"type":"if","locations":[{"start":{"line":251,"column":1},"end":{"line":251,"column":1}},{"start":{"line":251,"column":1},"end":{"line":251,"column":1}}]},"6":{"line":253,"type":"if","locations":[{"start":{"line":253,"column":6},"end":{"line":253,"column":6}},{"start":{"line":253,"column":6},"end":{"line":253,"column":6}}]},"7":{"line":263,"type":"if","locations":[{"start":{"line":263,"column":1},"end":{"line":263,"column":1}},{"start":{"line":263,"column":1},"end":{"line":263,"column":1}}]},"8":{"line":267,"type":"if","locations":[{"start":{"line":267,"column":4},"end":{"line":267,"column":4}},{"start":{"line":267,"column":4},"end":{"line":267,"column":4}}]},"9":{"line":267,"type":"binary-expr","locations":[{"start":{"line":267,"column":7},"end":{"line":267,"column":29}},{"start":{"line":267,"column":33},"end":{"line":267,"column":46}}]},"10":{"line":279,"type":"if","locations":[{"start":{"line":279,"column":8},"end":{"line":279,"column":8}},{"start":{"line":279,"column":8},"end":{"line":279,"column":8}}]},"11":{"line":279,"type":"binary-expr","locations":[{"start":{"line":279,"column":12},"end":{"line":279,"column":16}},{"start":{"line":279,"column":20},"end":{"line":279,"column":39}}]},"12":{"line":285,"type":"if","locations":[{"start":{"line":285,"column":6},"end":{"line":285,"column":6}},{"start":{"line":285,"column":6},"end":{"line":285,"column":6}}]},"13":{"line":301,"type":"if","locations":[{"start":{"line":301,"column":4},"end":{"line":301,"column":4}},{"start":{"line":301,"column":4},"end":{"line":301,"column":4}}]},"14":{"line":318,"type":"if","locations":[{"start":{"line":318,"column":6},"end":{"line":318,"column":6}},{"start":{"line":318,"column":6},"end":{"line":318,"column":6}}]},"15":{"line":320,"type":"if","locations":[{"start":{"line":320,"column":12},"end":{"line":320,"column":12}},{"start":{"line":320,"column":12},"end":{"line":320,"column":12}}]},"16":{"line":320,"type":"binary-expr","locations":[{"start":{"line":320,"column":15},"end":{"line":320,"column":35}},{"start":{"line":320,"column":39},"end":{"line":320,"column":65}},{"start":{"line":320,"column":69},"end":{"line":320,"column":90}}]},"17":{"line":329,"type":"if","locations":[{"start":{"line":329,"column":7},"end":{"line":329,"column":7}},{"start":{"line":329,"column":7},"end":{"line":329,"column":7}}]},"18":{"line":353,"type":"if","locations":[{"start":{"line":353,"column":3},"end":{"line":353,"column":3}},{"start":{"line":353,"column":3},"end":{"line":353,"column":3}}]},"19":{"line":362,"type":"if","locations":[{"start":{"line":362,"column":7},"end":{"line":362,"column":7}},{"start":{"line":362,"column":7},"end":{"line":362,"column":7}}]},"20":{"line":364,"type":"if","locations":[{"start":{"line":364,"column":3},"end":{"line":364,"column":3}},{"start":{"line":364,"column":3},"end":{"line":364,"column":3}}]},"21":{"line":379,"type":"if","locations":[{"start":{"line":379,"column":1},"end":{"line":379,"column":1}},{"start":{"line":379,"column":1},"end":{"line":379,"column":1}}]},"22":{"line":379,"type":"binary-expr","locations":[{"start":{"line":379,"column":4},"end":{"line":379,"column":34}},{"start":{"line":379,"column":38},"end":{"line":379,"column":66}},{"start":{"line":379,"column":70},"end":{"line":379,"column":79}}]},"23":{"line":395,"type":"if","locations":[{"start":{"line":395,"column":2},"end":{"line":395,"column":2}},{"start":{"line":395,"column":2},"end":{"line":395,"column":2}}]},"24":{"line":408,"type":"if","locations":[{"start":{"line":408,"column":7},"end":{"line":408,"column":7}},{"start":{"line":408,"column":7},"end":{"line":408,"column":7}}]},"25":{"line":414,"type":"if","locations":[{"start":{"line":414,"column":7},"end":{"line":414,"column":7}},{"start":{"line":414,"column":7},"end":{"line":414,"column":7}}]},"26":{"line":426,"type":"if","locations":[{"start":{"line":426,"column":5},"end":{"line":426,"column":5}},{"start":{"line":426,"column":5},"end":{"line":426,"column":5}}]},"27":{"line":449,"type":"if","locations":[{"start":{"line":449,"column":7},"end":{"line":449,"column":7}},{"start":{"line":449,"column":7},"end":{"line":449,"column":7}}]},"28":{"line":466,"type":"if","locations":[{"start":{"line":466,"column":9},"end":{"line":466,"column":9}},{"start":{"line":466,"column":9},"end":{"line":466,"column":9}}]},"29":{"line":470,"type":"if","locations":[{"start":{"line":470,"column":6},"end":{"line":470,"column":6}},{"start":{"line":470,"column":6},"end":{"line":470,"column":6}}]}}},"/Volumes/untitled/Dev/KMC Contracting/kiosk_form/app/models/logic_jump.server.model.js":{"path":"/Volumes/untitled/Dev/KMC Contracting/kiosk_form/app/models/logic_jump.server.model.js","s":{"1":1,"2":1,"3":1,"4":0,"5":0,"6":0,"7":0,"8":0,"9":0,"10":0,"11":0,"12":0,"13":0,"14":0,"15":0,"16":0,"17":0,"18":0,"19":0,"20":0,"21":0,"22":1,"23":1,"24":1},"b":{"1":[0,0],"2":[0,0],"3":[0,0]},"f":{"1":0,"2":0,"3":0},"fnMap":{"1":{"name":"(anonymous_1)","line":22,"loc":{"start":{"line":22,"column":43},"end":{"line":22,"column":53}}},"2":{"name":"(anonymous_2)","line":30,"loc":{"start":{"line":30,"column":19},"end":{"line":30,"column":49}}},"3":{"name":"(anonymous_3)","line":34,"loc":{"start":{"line":34,"column":36},"end":{"line":34,"column":56}}}},"statementMap":{"1":{"start":{"line":6,"column":0},"end":{"line":9,"column":24}},"2":{"start":{"line":12,"column":0},"end":{"line":19,"column":3}},"3":{"start":{"line":22,"column":0},"end":{"line":56,"column":2}},"4":{"start":{"line":25,"column":1},"end":{"line":25,"column":45}},"5":{"start":{"line":26,"column":1},"end":{"line":26,"column":26}},"6":{"start":{"line":27,"column":1},"end":{"line":27,"column":17}},"7":{"start":{"line":30,"column":1},"end":{"line":49,"column":4}},"8":{"start":{"line":31,"column":2},"end":{"line":48,"column":3}},"9":{"start":{"line":33,"column":3},"end":{"line":47,"column":9}},"10":{"start":{"line":35,"column":5},"end":{"line":38,"column":6}},"11":{"start":{"line":36,"column":6},"end":{"line":36,"column":23}},"12":{"start":{"line":37,"column":6},"end":{"line":37,"column":27}},"13":{"start":{"line":40,"column":5},"end":{"line":44,"column":6}},"14":{"start":{"line":41,"column":6},"end":{"line":41,"column":69}},"15":{"start":{"line":43,"column":6},"end":{"line":43,"column":57}},"16":{"start":{"line":45,"column":5},"end":{"line":45,"column":36}},"17":{"start":{"line":46,"column":5},"end":{"line":46,"column":60}},"18":{"start":{"line":51,"column":1},"end":{"line":51,"column":31}},"19":{"start":{"line":52,"column":1},"end":{"line":52,"column":41}},"20":{"start":{"line":54,"column":1},"end":{"line":54,"column":22}},"21":{"start":{"line":55,"column":1},"end":{"line":55,"column":15}},"22":{"start":{"line":58,"column":0},"end":{"line":58,"column":61}},"23":{"start":{"line":62,"column":0},"end":{"line":76,"column":3}},"24":{"start":{"line":78,"column":0},"end":{"line":78,"column":45}}},"branchMap":{"1":{"line":31,"type":"if","locations":[{"start":{"line":31,"column":2},"end":{"line":31,"column":2}},{"start":{"line":31,"column":2},"end":{"line":31,"column":2}}]},"2":{"line":35,"type":"if","locations":[{"start":{"line":35,"column":5},"end":{"line":35,"column":5}},{"start":{"line":35,"column":5},"end":{"line":35,"column":5}}]},"3":{"line":40,"type":"if","locations":[{"start":{"line":40,"column":5},"end":{"line":40,"column":5}},{"start":{"line":40,"column":5},"end":{"line":40,"column":5}}]}}},"/Volumes/untitled/Dev/KMC Contracting/kiosk_form/app/models/user.server.model.js":{"path":"/Volumes/untitled/Dev/KMC Contracting/kiosk_form/app/models/user.server.model.js","s":{"1":1,"2":1,"3":32,"4":1,"5":0,"6":1,"7":1,"8":0,"9":1,"10":1,"11":7,"12":7,"13":0,"14":0,"15":0,"16":0,"17":0,"18":0,"19":0,"20":7,"21":1,"22":15,"23":1,"24":0,"25":1,"26":15,"27":15,"28":15,"29":15,"30":0,"31":1,"32":0,"33":1,"34":2,"35":2,"36":2,"37":2,"38":2,"39":1,"40":1,"41":0,"42":1,"43":0,"44":0,"45":0,"46":1},"b":{"1":[32,0,32],"2":[0,0,0],"3":[0,7],"4":[0,0],"5":[0,0],"6":[15,0],"7":[15,0],"8":[2,1],"9":[2,0],"10":[1,1],"11":[1,1],"12":[0,0]},"f":{"1":32,"2":0,"3":0,"4":7,"5":15,"6":0,"7":15,"8":0,"9":2,"10":2,"11":0},"fnMap":{"1":{"name":"(anonymous_1)","line":17,"loc":{"start":{"line":17,"column":36},"end":{"line":17,"column":55}}},"2":{"name":"(anonymous_2)","line":24,"loc":{"start":{"line":24,"column":36},"end":{"line":24,"column":55}}},"3":{"name":"(anonymous_3)","line":102,"loc":{"start":{"line":102,"column":38},"end":{"line":102,"column":50}}},"4":{"name":"(anonymous_4)","line":113,"loc":{"start":{"line":113,"column":23},"end":{"line":113,"column":39}}},"5":{"name":"(anonymous_5)","line":137,"loc":{"start":{"line":137,"column":35},"end":{"line":137,"column":55}}},"6":{"name":"(anonymous_6)","line":140,"loc":{"start":{"line":140,"column":35},"end":{"line":140,"column":47}}},"7":{"name":"(anonymous_7)","line":148,"loc":{"start":{"line":148,"column":34},"end":{"line":148,"column":53}}},"8":{"name":"(anonymous_8)","line":164,"loc":{"start":{"line":164,"column":34},"end":{"line":164,"column":53}}},"9":{"name":"(anonymous_9)","line":171,"loc":{"start":{"line":171,"column":40},"end":{"line":171,"column":77}}},"10":{"name":"(anonymous_10)","line":177,"loc":{"start":{"line":177,"column":4},"end":{"line":177,"column":24}}},"11":{"name":"(anonymous_11)","line":193,"loc":{"start":{"line":193,"column":29},"end":{"line":193,"column":40}}}},"statementMap":{"1":{"start":{"line":6,"column":0},"end":{"line":12,"column":24}},"2":{"start":{"line":17,"column":0},"end":{"line":19,"column":2}},"3":{"start":{"line":18,"column":1},"end":{"line":18,"column":74}},"4":{"start":{"line":24,"column":0},"end":{"line":26,"column":2}},"5":{"start":{"line":25,"column":1},"end":{"line":25,"column":73}},"6":{"start":{"line":31,"column":0},"end":{"line":100,"column":3}},"7":{"start":{"line":102,"column":0},"end":{"line":104,"column":3}},"8":{"start":{"line":103,"column":3},"end":{"line":103,"column":47}},"9":{"start":{"line":106,"column":0},"end":{"line":110,"column":3}},"10":{"start":{"line":113,"column":0},"end":{"line":132,"column":3}},"11":{"start":{"line":114,"column":1},"end":{"line":114,"column":28}},"12":{"start":{"line":115,"column":1},"end":{"line":130,"column":2}},"13":{"start":{"line":116,"column":2},"end":{"line":117,"column":15}},"14":{"start":{"line":119,"column":2},"end":{"line":123,"column":6}},"15":{"start":{"line":120,"column":9},"end":{"line":120,"column":44}},"16":{"start":{"line":122,"column":9},"end":{"line":122,"column":38}},"17":{"start":{"line":124,"column":5},"end":{"line":129,"column":6}},"18":{"start":{"line":126,"column":9},"end":{"line":126,"column":130}},"19":{"start":{"line":128,"column":6},"end":{"line":128,"column":13}},"20":{"start":{"line":131,"column":4},"end":{"line":131,"column":11}},"21":{"start":{"line":137,"column":0},"end":{"line":139,"column":3}},"22":{"start":{"line":138,"column":2},"end":{"line":138,"column":50}},"23":{"start":{"line":140,"column":0},"end":{"line":142,"column":3}},"24":{"start":{"line":141,"column":2},"end":{"line":141,"column":27}},"25":{"start":{"line":148,"column":0},"end":{"line":159,"column":2}},"26":{"start":{"line":150,"column":1},"end":{"line":152,"column":2}},"27":{"start":{"line":151,"column":2},"end":{"line":151,"column":56}},"28":{"start":{"line":154,"column":1},"end":{"line":158,"column":2}},"29":{"start":{"line":155,"column":2},"end":{"line":155,"column":101}},"30":{"start":{"line":157,"column":2},"end":{"line":157,"column":18}},"31":{"start":{"line":164,"column":0},"end":{"line":166,"column":2}},"32":{"start":{"line":165,"column":1},"end":{"line":165,"column":54}},"33":{"start":{"line":171,"column":0},"end":{"line":188,"column":2}},"34":{"start":{"line":172,"column":1},"end":{"line":172,"column":18}},"35":{"start":{"line":173,"column":1},"end":{"line":173,"column":50}},"36":{"start":{"line":175,"column":1},"end":{"line":187,"column":4}},"37":{"start":{"line":178,"column":2},"end":{"line":186,"column":3}},"38":{"start":{"line":179,"column":3},"end":{"line":183,"column":4}},"39":{"start":{"line":180,"column":4},"end":{"line":180,"column":31}},"40":{"start":{"line":182,"column":4},"end":{"line":182,"column":75}},"41":{"start":{"line":185,"column":3},"end":{"line":185,"column":18}},"42":{"start":{"line":193,"column":0},"end":{"line":198,"column":2}},"43":{"start":{"line":194,"column":1},"end":{"line":196,"column":2}},"44":{"start":{"line":195,"column":2},"end":{"line":195,"column":14}},"45":{"start":{"line":197,"column":1},"end":{"line":197,"column":14}},"46":{"start":{"line":200,"column":0},"end":{"line":200,"column":52}}},"branchMap":{"1":{"line":18,"type":"binary-expr","locations":[{"start":{"line":18,"column":10},"end":{"line":18,"column":35}},{"start":{"line":18,"column":39},"end":{"line":18,"column":52}},{"start":{"line":18,"column":57},"end":{"line":18,"column":72}}]},"2":{"line":25,"type":"binary-expr","locations":[{"start":{"line":25,"column":9},"end":{"line":25,"column":34}},{"start":{"line":25,"column":39},"end":{"line":25,"column":47}},{"start":{"line":25,"column":51},"end":{"line":25,"column":70}}]},"3":{"line":115,"type":"if","locations":[{"start":{"line":115,"column":1},"end":{"line":115,"column":1}},{"start":{"line":115,"column":1},"end":{"line":115,"column":1}}]},"4":{"line":124,"type":"if","locations":[{"start":{"line":124,"column":5},"end":{"line":124,"column":5}},{"start":{"line":124,"column":5},"end":{"line":124,"column":5}}]},"5":{"line":124,"type":"binary-expr","locations":[{"start":{"line":124,"column":9},"end":{"line":124,"column":13}},{"start":{"line":124,"column":17},"end":{"line":124,"column":36}}]},"6":{"line":150,"type":"if","locations":[{"start":{"line":150,"column":1},"end":{"line":150,"column":1}},{"start":{"line":150,"column":1},"end":{"line":150,"column":1}}]},"7":{"line":154,"type":"if","locations":[{"start":{"line":154,"column":1},"end":{"line":154,"column":1}},{"start":{"line":154,"column":1},"end":{"line":154,"column":1}}]},"8":{"line":173,"type":"binary-expr","locations":[{"start":{"line":173,"column":36},"end":{"line":173,"column":42}},{"start":{"line":173,"column":46},"end":{"line":173,"column":48}}]},"9":{"line":178,"type":"if","locations":[{"start":{"line":178,"column":2},"end":{"line":178,"column":2}},{"start":{"line":178,"column":2},"end":{"line":178,"column":2}}]},"10":{"line":179,"type":"if","locations":[{"start":{"line":179,"column":3},"end":{"line":179,"column":3}},{"start":{"line":179,"column":3},"end":{"line":179,"column":3}}]},"11":{"line":182,"type":"binary-expr","locations":[{"start":{"line":182,"column":47},"end":{"line":182,"column":53}},{"start":{"line":182,"column":57},"end":{"line":182,"column":58}}]},"12":{"line":194,"type":"if","locations":[{"start":{"line":194,"column":1},"end":{"line":194,"column":1}},{"start":{"line":194,"column":1},"end":{"line":194,"column":1}}]}}},"/Volumes/untitled/Dev/KMC Contracting/kiosk_form/app/routes/core.server.routes.js":{"path":"/Volumes/untitled/Dev/KMC Contracting/kiosk_form/app/routes/core.server.routes.js","s":{"1":1,"2":1,"3":1},"b":{},"f":{"1":1},"fnMap":{"1":{"name":"(anonymous_1)","line":3,"loc":{"start":{"line":3,"column":17},"end":{"line":3,"column":31}}}},"statementMap":{"1":{"start":{"line":3,"column":0},"end":{"line":7,"column":2}},"2":{"start":{"line":5,"column":1},"end":{"line":5,"column":68}},"3":{"start":{"line":6,"column":1},"end":{"line":6,"column":32}}},"branchMap":{}},"/Volumes/untitled/Dev/KMC Contracting/kiosk_form/app/controllers/core.server.controller.js":{"path":"/Volumes/untitled/Dev/KMC Contracting/kiosk_form/app/controllers/core.server.controller.js","s":{"1":1,"2":1,"3":0},"b":{"1":[0,0]},"f":{"1":0},"fnMap":{"1":{"name":"(anonymous_1)","line":8,"loc":{"start":{"line":8,"column":16},"end":{"line":8,"column":35}}}},"statementMap":{"1":{"start":{"line":3,"column":0},"end":{"line":3,"column":44}},"2":{"start":{"line":8,"column":0},"end":{"line":13,"column":2}},"3":{"start":{"line":9,"column":1},"end":{"line":12,"column":4}}},"branchMap":{"1":{"line":10,"type":"binary-expr","locations":[{"start":{"line":10,"column":8},"end":{"line":10,"column":16}},{"start":{"line":10,"column":20},"end":{"line":10,"column":24}}]}}},"/Volumes/untitled/Dev/KMC Contracting/kiosk_form/app/routes/forms.server.routes.js":{"path":"/Volumes/untitled/Dev/KMC Contracting/kiosk_form/app/routes/forms.server.routes.js","s":{"1":1,"2":1,"3":0,"4":0,"5":0,"6":1,"7":1,"8":1,"9":1,"10":1,"11":1},"b":{},"f":{"1":0,"2":0,"3":0,"4":1},"fnMap":{"1":{"name":"(anonymous_1)","line":13,"loc":{"start":{"line":13,"column":10},"end":{"line":13,"column":41}}},"2":{"name":"(anonymous_2)","line":16,"loc":{"start":{"line":16,"column":21},"end":{"line":16,"column":37}}},"3":{"name":"(anonymous_3)","line":20,"loc":{"start":{"line":20,"column":24},"end":{"line":20,"column":50}}},"4":{"name":"(anonymous_4)","line":25,"loc":{"start":{"line":25,"column":17},"end":{"line":25,"column":31}}}},"statementMap":{"1":{"start":{"line":6,"column":0},"end":{"line":9,"column":41}},"2":{"start":{"line":12,"column":0},"end":{"line":23,"column":4}},"3":{"start":{"line":14,"column":6},"end":{"line":14,"column":24}},"4":{"start":{"line":18,"column":5},"end":{"line":18,"column":57}},"5":{"start":{"line":21,"column":3},"end":{"line":21,"column":65}},"6":{"start":{"line":25,"column":0},"end":{"line":46,"column":2}},"7":{"start":{"line":27,"column":1},"end":{"line":28,"column":69}},"8":{"start":{"line":30,"column":1},"end":{"line":32,"column":43}},"9":{"start":{"line":34,"column":1},"end":{"line":38,"column":69}},"10":{"start":{"line":40,"column":1},"end":{"line":42,"column":80}},"11":{"start":{"line":45,"column":1},"end":{"line":45,"column":37}}},"branchMap":{}},"/Volumes/untitled/Dev/KMC Contracting/kiosk_form/app/controllers/users.server.controller.js":{"path":"/Volumes/untitled/Dev/KMC Contracting/kiosk_form/app/controllers/users.server.controller.js","s":{"1":1,"2":1},"b":{},"f":{},"fnMap":{},"statementMap":{"1":{"start":{"line":6,"column":0},"end":{"line":6,"column":26}},"2":{"start":{"line":11,"column":0},"end":{"line":16,"column":2}}},"branchMap":{}},"/Volumes/untitled/Dev/KMC Contracting/kiosk_form/app/controllers/users/users.authentication.server.controller.js":{"path":"/Volumes/untitled/Dev/KMC Contracting/kiosk_form/app/controllers/users/users.authentication.server.controller.js","s":{"1":1,"2":1,"3":1,"4":1,"5":1,"6":1,"7":0,"8":1,"9":1,"10":1,"11":1,"12":1,"13":1,"14":1,"15":0,"16":0,"17":1,"18":0,"19":1,"20":1,"21":0,"22":0,"23":0,"24":0,"25":0,"26":0,"27":0,"28":0,"29":1,"30":2,"31":2,"32":2,"33":2,"34":2,"35":2,"36":0,"37":0,"38":0,"39":2,"40":2,"41":2,"42":0,"43":0,"44":0,"45":2,"46":2,"47":0,"48":0,"49":1,"50":1,"51":1,"52":1,"53":0,"54":0,"55":0,"56":0,"57":0,"58":0,"59":0,"60":1,"61":0,"62":0,"63":0,"64":1,"65":0,"66":0,"67":0,"68":0,"69":0,"70":0,"71":0,"72":0,"73":1,"74":0,"75":0,"76":0,"77":0,"78":0,"79":0,"80":0,"81":0,"82":0,"83":0,"84":0,"85":0,"86":0,"87":0,"88":0,"89":0,"90":0,"91":0,"92":0,"93":0,"94":0,"95":0,"96":0,"97":0,"98":0,"99":0,"100":0,"101":0,"102":1,"103":0,"104":0,"105":0,"106":0,"107":0,"108":0,"109":0,"110":0,"111":0,"112":0,"113":0,"114":0,"115":0},"b":{"1":[0,1],"2":[0,1],"3":[0,1],"4":[0,0],"5":[0,0],"6":[0,2],"7":[2,0],"8":[0,2],"9":[1,0],"10":[1,1],"11":[0,0],"12":[0,0],"13":[0,0],"14":[0,0],"15":[0,0],"16":[0,0],"17":[0,0],"18":[0,0],"19":[0,0],"20":[0,0],"21":[0,0],"22":[0,0,0],"23":[0,0],"24":[0,0],"25":[0,0],"26":[0,0],"27":[0,0],"28":[0,0]},"f":{"1":1,"2":1,"3":1,"4":1,"5":0,"6":0,"7":2,"8":2,"9":2,"10":1,"11":1,"12":0,"13":0,"14":0,"15":0,"16":0,"17":0,"18":0,"19":0,"20":0,"21":0,"22":0,"23":0,"24":0,"25":0},"fnMap":{"1":{"name":"(anonymous_1)","line":19,"loc":{"start":{"line":19,"column":17},"end":{"line":19,"column":29}}},"2":{"name":"(anonymous_2)","line":44,"loc":{"start":{"line":44,"column":29},"end":{"line":44,"column":49}}},"3":{"name":"(anonymous_3)","line":60,"loc":{"start":{"line":60,"column":36},"end":{"line":60,"column":54}}},"4":{"name":"(anonymous_4)","line":61,"loc":{"start":{"line":61,"column":39},"end":{"line":61,"column":59}}},"5":{"name":"(anonymous_5)","line":75,"loc":{"start":{"line":75,"column":34},"end":{"line":75,"column":58}}},"6":{"name":"(anonymous_6)","line":76,"loc":{"start":{"line":76,"column":45},"end":{"line":76,"column":70}}},"7":{"name":"(anonymous_7)","line":96,"loc":{"start":{"line":96,"column":17},"end":{"line":96,"column":36}}},"8":{"name":"(anonymous_8)","line":108,"loc":{"start":{"line":108,"column":26},"end":{"line":108,"column":53}}},"9":{"name":"(anonymous_9)","line":120,"loc":{"start":{"line":120,"column":44},"end":{"line":120,"column":59}}},"10":{"name":"(anonymous_10)","line":143,"loc":{"start":{"line":143,"column":17},"end":{"line":143,"column":42}}},"11":{"name":"(anonymous_11)","line":144,"loc":{"start":{"line":144,"column":32},"end":{"line":144,"column":58}}},"12":{"name":"(anonymous_12)","line":153,"loc":{"start":{"line":153,"column":19},"end":{"line":153,"column":33}}},"13":{"name":"(anonymous_13)","line":169,"loc":{"start":{"line":169,"column":18},"end":{"line":169,"column":37}}},"14":{"name":"(anonymous_14)","line":178,"loc":{"start":{"line":178,"column":24},"end":{"line":178,"column":43}}},"15":{"name":"(anonymous_15)","line":179,"loc":{"start":{"line":179,"column":8},"end":{"line":179,"column":33}}},"16":{"name":"(anonymous_16)","line":180,"loc":{"start":{"line":180,"column":34},"end":{"line":180,"column":67}}},"17":{"name":"(anonymous_17)","line":184,"loc":{"start":{"line":184,"column":19},"end":{"line":184,"column":33}}},"18":{"name":"(anonymous_18)","line":198,"loc":{"start":{"line":198,"column":31},"end":{"line":198,"column":72}}},"19":{"name":"(anonymous_19)","line":218,"loc":{"start":{"line":218,"column":28},"end":{"line":218,"column":48}}},"20":{"name":"(anonymous_20)","line":225,"loc":{"start":{"line":225,"column":53},"end":{"line":225,"column":81}}},"21":{"name":"(anonymous_21)","line":237,"loc":{"start":{"line":237,"column":16},"end":{"line":237,"column":30}}},"22":{"name":"(anonymous_22)","line":260,"loc":{"start":{"line":260,"column":13},"end":{"line":260,"column":27}}},"23":{"name":"(anonymous_23)","line":272,"loc":{"start":{"line":272,"column":30},"end":{"line":272,"column":55}}},"24":{"name":"(anonymous_24)","line":285,"loc":{"start":{"line":285,"column":12},"end":{"line":285,"column":26}}},"25":{"name":"(anonymous_25)","line":291,"loc":{"start":{"line":291,"column":20},"end":{"line":291,"column":34}}}},"statementMap":{"1":{"start":{"line":6,"column":0},"end":{"line":14,"column":31}},"2":{"start":{"line":16,"column":0},"end":{"line":16,"column":50}},"3":{"start":{"line":19,"column":0},"end":{"line":54,"column":2}},"4":{"start":{"line":21,"column":1},"end":{"line":21,"column":54}},"5":{"start":{"line":23,"column":1},"end":{"line":52,"column":4}},"6":{"start":{"line":45,"column":7},"end":{"line":49,"column":8}},"7":{"start":{"line":46,"column":9},"end":{"line":46,"column":19}},"8":{"start":{"line":48,"column":9},"end":{"line":48,"column":27}},"9":{"start":{"line":53,"column":1},"end":{"line":53,"column":33}},"10":{"start":{"line":56,"column":0},"end":{"line":56,"column":13}},"11":{"start":{"line":58,"column":0},"end":{"line":58,"column":70}},"12":{"start":{"line":60,"column":0},"end":{"line":73,"column":2}},"13":{"start":{"line":61,"column":1},"end":{"line":72,"column":4}},"14":{"start":{"line":62,"column":5},"end":{"line":71,"column":6}},"15":{"start":{"line":63,"column":3},"end":{"line":63,"column":50}},"16":{"start":{"line":64,"column":3},"end":{"line":64,"column":80}},"17":{"start":{"line":66,"column":10},"end":{"line":71,"column":6}},"18":{"start":{"line":67,"column":9},"end":{"line":67,"column":67}},"19":{"start":{"line":70,"column":9},"end":{"line":70,"column":98}},"20":{"start":{"line":75,"column":0},"end":{"line":90,"column":2}},"21":{"start":{"line":76,"column":1},"end":{"line":89,"column":4}},"22":{"start":{"line":77,"column":2},"end":{"line":80,"column":6}},"23":{"start":{"line":78,"column":3},"end":{"line":78,"column":50}},"24":{"start":{"line":79,"column":3},"end":{"line":79,"column":81}},"25":{"start":{"line":82,"column":5},"end":{"line":88,"column":6}},"26":{"start":{"line":83,"column":6},"end":{"line":83,"column":27}},"27":{"start":{"line":84,"column":9},"end":{"line":84,"column":73}},"28":{"start":{"line":87,"column":9},"end":{"line":87,"column":86}},"29":{"start":{"line":96,"column":0},"end":{"line":138,"column":2}},"30":{"start":{"line":98,"column":1},"end":{"line":98,"column":23}},"31":{"start":{"line":101,"column":1},"end":{"line":101,"column":31}},"32":{"start":{"line":104,"column":1},"end":{"line":104,"column":25}},"33":{"start":{"line":105,"column":1},"end":{"line":105,"column":28}},"34":{"start":{"line":108,"column":1},"end":{"line":137,"column":7}},"35":{"start":{"line":110,"column":2},"end":{"line":136,"column":6}},"36":{"start":{"line":111,"column":3},"end":{"line":111,"column":26}},"37":{"start":{"line":112,"column":3},"end":{"line":112,"column":20}},"38":{"start":{"line":113,"column":3},"end":{"line":115,"column":6}},"39":{"start":{"line":119,"column":9},"end":{"line":135,"column":10}},"40":{"start":{"line":120,"column":10},"end":{"line":131,"column":13}},"41":{"start":{"line":121,"column":11},"end":{"line":130,"column":12}},"42":{"start":{"line":122,"column":12},"end":{"line":122,"column":35}},"43":{"start":{"line":123,"column":6},"end":{"line":123,"column":23}},"44":{"start":{"line":124,"column":6},"end":{"line":126,"column":9}},"45":{"start":{"line":128,"column":6},"end":{"line":128,"column":44}},"46":{"start":{"line":129,"column":6},"end":{"line":129,"column":108}},"47":{"start":{"line":133,"column":10},"end":{"line":133,"column":53}},"48":{"start":{"line":134,"column":13},"end":{"line":134,"column":85}},"49":{"start":{"line":143,"column":0},"end":{"line":164,"column":2}},"50":{"start":{"line":144,"column":1},"end":{"line":163,"column":20}},"51":{"start":{"line":145,"column":2},"end":{"line":162,"column":3}},"52":{"start":{"line":146,"column":3},"end":{"line":146,"column":30}},"53":{"start":{"line":149,"column":3},"end":{"line":149,"column":29}},"54":{"start":{"line":150,"column":3},"end":{"line":150,"column":25}},"55":{"start":{"line":151,"column":3},"end":{"line":151,"column":29}},"56":{"start":{"line":153,"column":3},"end":{"line":161,"column":6}},"57":{"start":{"line":154,"column":4},"end":{"line":160,"column":5}},"58":{"start":{"line":155,"column":5},"end":{"line":157,"column":8}},"59":{"start":{"line":159,"column":5},"end":{"line":159,"column":27}},"60":{"start":{"line":169,"column":0},"end":{"line":173,"column":2}},"61":{"start":{"line":170,"column":1},"end":{"line":170,"column":14}},"62":{"start":{"line":171,"column":1},"end":{"line":171,"column":19}},"63":{"start":{"line":172,"column":1},"end":{"line":172,"column":18}},"64":{"start":{"line":178,"column":0},"end":{"line":193,"column":2}},"65":{"start":{"line":179,"column":1},"end":{"line":192,"column":3}},"66":{"start":{"line":180,"column":2},"end":{"line":191,"column":21}},"67":{"start":{"line":181,"column":3},"end":{"line":183,"column":4}},"68":{"start":{"line":182,"column":4},"end":{"line":182,"column":38}},"69":{"start":{"line":184,"column":3},"end":{"line":190,"column":6}},"70":{"start":{"line":185,"column":4},"end":{"line":187,"column":5}},"71":{"start":{"line":186,"column":5},"end":{"line":186,"column":39}},"72":{"start":{"line":189,"column":4},"end":{"line":189,"column":44}},"73":{"start":{"line":198,"column":0},"end":{"line":267,"column":2}},"74":{"start":{"line":199,"column":1},"end":{"line":266,"column":2}},"75":{"start":{"line":201,"column":2},"end":{"line":201,"column":104}},"76":{"start":{"line":202,"column":2},"end":{"line":202,"column":158}},"77":{"start":{"line":205,"column":2},"end":{"line":205,"column":35}},"78":{"start":{"line":206,"column":2},"end":{"line":206,"column":66}},"79":{"start":{"line":207,"column":2},"end":{"line":207,"column":141}},"80":{"start":{"line":210,"column":2},"end":{"line":210,"column":41}},"81":{"start":{"line":211,"column":2},"end":{"line":211,"column":153}},"82":{"start":{"line":214,"column":2},"end":{"line":216,"column":4}},"83":{"start":{"line":218,"column":2},"end":{"line":245,"column":5}},"84":{"start":{"line":219,"column":3},"end":{"line":244,"column":4}},"85":{"start":{"line":220,"column":4},"end":{"line":220,"column":21}},"86":{"start":{"line":222,"column":4},"end":{"line":243,"column":5}},"87":{"start":{"line":223,"column":5},"end":{"line":223,"column":137}},"88":{"start":{"line":225,"column":5},"end":{"line":240,"column":8}},"89":{"start":{"line":226,"column":6},"end":{"line":234,"column":9}},"90":{"start":{"line":237,"column":6},"end":{"line":239,"column":9}},"91":{"start":{"line":238,"column":7},"end":{"line":238,"column":30}},"92":{"start":{"line":242,"column":5},"end":{"line":242,"column":28}},"93":{"start":{"line":248,"column":2},"end":{"line":248,"column":22}},"94":{"start":{"line":251,"column":2},"end":{"line":265,"column":3}},"95":{"start":{"line":253,"column":3},"end":{"line":253,"column":72}},"96":{"start":{"line":253,"column":38},"end":{"line":253,"column":72}},"97":{"start":{"line":254,"column":3},"end":{"line":254,"column":97}},"98":{"start":{"line":257,"column":3},"end":{"line":257,"column":48}},"99":{"start":{"line":260,"column":3},"end":{"line":262,"column":6}},"100":{"start":{"line":261,"column":4},"end":{"line":261,"column":52}},"101":{"start":{"line":264,"column":3},"end":{"line":264,"column":81}},"102":{"start":{"line":272,"column":0},"end":{"line":301,"column":2}},"103":{"start":{"line":273,"column":1},"end":{"line":273,"column":21}},"104":{"start":{"line":274,"column":1},"end":{"line":274,"column":38}},"105":{"start":{"line":276,"column":1},"end":{"line":300,"column":2}},"106":{"start":{"line":278,"column":2},"end":{"line":283,"column":3}},"107":{"start":{"line":279,"column":3},"end":{"line":279,"column":49}},"108":{"start":{"line":282,"column":3},"end":{"line":282,"column":48}},"109":{"start":{"line":285,"column":2},"end":{"line":299,"column":5}},"1
[...]
lumn":2}},"92":{"start":{"line":227,"column":2},"end":{"line":227,"column":43}},"93":{"start":{"line":228,"column":2},"end":{"line":230,"column":3}},"94":{"start":{"line":229,"column":3},"end":{"line":229,"column":20}},"95":{"start":{"line":233,"column":1},"end":{"line":233,"column":38}},"96":{"start":{"line":235,"column":1},"end":{"line":244,"column":4}},"97":{"start":{"line":236,"column":2},"end":{"line":243,"column":3}},"98":{"start":{"line":237,"column":3},"end":{"line":237,"column":20}},"99":{"start":{"line":238,"column":3},"end":{"line":240,"column":6}},"100":{"start":{"line":242,"column":3},"end":{"line":242,"column":18}},"101":{"start":{"line":250,"column":0},"end":{"line":264,"column":2}},"102":{"start":{"line":251,"column":1},"end":{"line":251,"column":21}},"103":{"start":{"line":253,"column":1},"end":{"line":263,"column":4}},"104":{"start":{"line":254,"column":2},"end":{"line":262,"column":3}},"105":{"start":{"line":255,"column":3},"end":{"line":257,"column":6}},"106":{"start":{"line":261,"column":3},"end":{"line":261,"column":18}},"107":{"start":{"line":269,"column":0},"end":{"line":283,"column":2}},"108":{"start":{"line":271,"column":1},"end":{"line":271,"column":35}},"109":{"start":{"line":272,"column":1},"end":{"line":272,"column":39}},"110":{"start":{"line":272,"column":24},"end":{"line":272,"column":39}},"111":{"start":{"line":274,"column":1},"end":{"line":282,"column":4}},"112":{"start":{"line":275,"column":2},"end":{"line":281,"column":3}},"113":{"start":{"line":276,"column":3},"end":{"line":278,"column":6}},"114":{"start":{"line":280,"column":3},"end":{"line":280,"column":19}},"115":{"start":{"line":288,"column":0},"end":{"line":315,"column":2}},"116":{"start":{"line":290,"column":1},"end":{"line":314,"column":2}},"117":{"start":{"line":291,"column":2},"end":{"line":293,"column":5}},"118":{"start":{"line":296,"column":2},"end":{"line":313,"column":5}},"119":{"start":{"line":297,"column":3},"end":{"line":312,"column":4}},"120":{"start":{"line":298,"column":4},"end":{"line":298,"column":21}},"121":{"start":{"line":299,"column":10},"end":{"line":312,"column":4}},"122":{"start":{"line":300,"column":4},"end":{"line":302,"column":7}},"123":{"start":{"line":306,"column":4},"end":{"line":306,"column":36}},"124":{"start":{"line":307,"column":4},"end":{"line":307,"column":32}},"125":{"start":{"line":308,"column":4},"end":{"line":308,"column":30}},"126":{"start":{"line":310,"column":4},"end":{"line":310,"column":20}},"127":{"start":{"line":311,"column":4},"end":{"line":311,"column":11}},"128":{"start":{"line":320,"column":0},"end":{"line":329,"column":2}},"129":{"start":{"line":322,"column":1},"end":{"line":322,"column":21}},"130":{"start":{"line":323,"column":1},"end":{"line":327,"column":2}},"131":{"start":{"line":324,"column":2},"end":{"line":326,"column":5}},"132":{"start":{"line":328,"column":1},"end":{"line":328,"column":8}}},"branchMap":{"1":{"line":28,"type":"if","locations":[{"start":{"line":28,"column":1},"end":{"line":28,"column":1}},{"start":{"line":28,"column":1},"end":{"line":28,"column":1}}]},"2":{"line":31,"type":"if","locations":[{"start":{"line":31,"column":2},"end":{"line":31,"column":2}},{"start":{"line":31,"column":2},"end":{"line":31,"column":2}}]},"3":{"line":33,"type":"if","locations":[{"start":{"line":33,"column":8},"end":{"line":33,"column":8}},{"start":{"line":33,"column":8},"end":{"line":33,"column":8}}]},"4":{"line":38,"type":"if","locations":[{"start":{"line":38,"column":4},"end":{"line":38,"column":4}},{"start":{"line":38,"column":4},"end":{"line":38,"column":4}}]},"5":{"line":47,"type":"if","locations":[{"start":{"line":47,"column":8},"end":{"line":47,"column":8}},{"start":{"line":47,"column":8},"end":{"line":47,"column":8}}]},"6":{"line":47,"type":"binary-expr","locations":[{"start":{"line":47,"column":12},"end":{"line":47,"column":16}},{"start":{"line":47,"column":20},"end":{"line":47,"column":39}}]},"7":{"line":53,"type":"if","locations":[{"start":{"line":53,"column":6},"end":{"line":53,"column":6}},{"start":{"line":53,"column":6},"end":{"line":53,"column":6}}]},"8":{"line":82,"type":"if","locations":[{"start":{"line":82,"column":2},"end":{"line":82,"column":2}},{"start":{"line":82,"column":2},"end":{"line":82,"column":2}}]},"9":{"line":110,"type":"if","locations":[{"start":{"line":110,"column":1},"end":{"line":110,"column":1}},{"start":{"line":110,"column":1},"end":{"line":110,"column":1}}]},"10":{"line":112,"type":"if","locations":[{"start":{"line":112,"column":1},"end":{"line":112,"column":1}},{"start":{"line":112,"column":1},"end":{"line":112,"column":1}}]},"11":{"line":115,"type":"if","locations":[{"start":{"line":115,"column":1},"end":{"line":115,"column":1}},{"start":{"line":115,"column":1},"end":{"line":115,"column":1}}]},"12":{"line":115,"type":"binary-expr","locations":[{"start":{"line":115,"column":4},"end":{"line":115,"column":34}},{"start":{"line":115,"column":38},"end":{"line":115,"column":66}}]},"13":{"line":116,"type":"binary-expr","locations":[{"start":{"line":116,"column":11},"end":{"line":116,"column":41}},{"start":{"line":116,"column":45},"end":{"line":116,"column":73}}]},"14":{"line":117,"type":"if","locations":[{"start":{"line":117,"column":2},"end":{"line":117,"column":2}},{"start":{"line":117,"column":2},"end":{"line":117,"column":2}}]},"15":{"line":117,"type":"binary-expr","locations":[{"start":{"line":117,"column":5},"end":{"line":117,"column":7}},{"start":{"line":117,"column":11},"end":{"line":117,"column":49}}]},"16":{"line":120,"type":"if","locations":[{"start":{"line":120,"column":1},"end":{"line":120,"column":1}},{"start":{"line":120,"column":1},"end":{"line":120,"column":1}}]},"17":{"line":124,"type":"if","locations":[{"start":{"line":124,"column":1},"end":{"line":124,"column":1}},{"start":{"line":124,"column":1},"end":{"line":124,"column":1}}]},"18":{"line":138,"type":"if","locations":[{"start":{"line":138,"column":2},"end":{"line":138,"column":2}},{"start":{"line":138,"column":2},"end":{"line":138,"column":2}}]},"19":{"line":157,"type":"if","locations":[{"start":{"line":157,"column":2},"end":{"line":157,"column":2}},{"start":{"line":157,"column":2},"end":{"line":157,"column":2}}]},"20":{"line":165,"type":"if","locations":[{"start":{"line":165,"column":3},"end":{"line":165,"column":3}},{"start":{"line":165,"column":3},"end":{"line":165,"column":3}}]},"21":{"line":191,"type":"if","locations":[{"start":{"line":191,"column":2},"end":{"line":191,"column":2}},{"start":{"line":191,"column":2},"end":{"line":191,"column":2}}]},"22":{"line":222,"type":"if","locations":[{"start":{"line":222,"column":1},"end":{"line":222,"column":1}},{"start":{"line":222,"column":1},"end":{"line":222,"column":1}}]},"23":{"line":228,"type":"if","locations":[{"start":{"line":228,"column":2},"end":{"line":228,"column":2}},{"start":{"line":228,"column":2},"end":{"line":228,"column":2}}]},"24":{"line":236,"type":"if","locations":[{"start":{"line":236,"column":2},"end":{"line":236,"column":2}},{"start":{"line":236,"column":2},"end":{"line":236,"column":2}}]},"25":{"line":254,"type":"if","locations":[{"start":{"line":254,"column":2},"end":{"line":254,"column":2}},{"start":{"line":254,"column":2},"end":{"line":254,"column":2}}]},"26":{"line":272,"type":"if","locations":[{"start":{"line":272,"column":1},"end":{"line":272,"column":1}},{"start":{"line":272,"column":1},"end":{"line":272,"column":1}}]},"27":{"line":275,"type":"if","locations":[{"start":{"line":275,"column":2},"end":{"line":275,"column":2}},{"start":{"line":275,"column":2},"end":{"line":275,"column":2}}]},"28":{"line":290,"type":"if","locations":[{"start":{"line":290,"column":1},"end":{"line":290,"column":1}},{"start":{"line":290,"column":1},"end":{"line":290,"column":1}}]},"29":{"line":297,"type":"if","locations":[{"start":{"line":297,"column":3},"end":{"line":297,"column":3}},{"start":{"line":297,"column":3},"end":{"line":297,"column":3}}]},"30":{"line":299,"type":"if","locations":[{"start":{"line":299,"column":10},"end":{"line":299,"column":10}},{"start":{"line":299,"column":10},"end":{"line":299,"column":10}}]},"31":{"line":299,"type":"binary-expr","locations":[{"start":{"line":299,"column":14},"end":{"line":299,"column":32}},{"start":{"line":299,"column":36},"end":{"line":299,"column":49}}]},"32":{"line":323,"type":"if","locations":[{"start":{"line":323,"column":1},"end":{"line":323,"column":1}},{"start":{"line":323,"column":1},"end":{"line":323,"column":1}}]},"33":{"line":323,"type":"binary-expr","locations":[{"start":{"line":323,"column":5},"end":{"line":323,"column":38}},{"start":{"line":323,"column":42},"end":{"line":323,"column":80}}]}}},"/Volumes/untitled/Dev/KMC Contracting/kiosk_form/app/routes/users.server.routes.js":{"path":"/Volumes/untitled/Dev/KMC Contracting/kiosk_form/app/routes/users.server.routes.js","s":{"1":1,"2":1,"3":1,"4":1,"5":1,"6":1,"7":1,"8":1,"9":1,"10":1,"11":1,"12":1,"13":1,"14":1,"15":1,"16":1},"b":{},"f":{"1":1},"fnMap":{"1":{"name":"(anonymous_1)","line":8,"loc":{"start":{"line":8,"column":17},"end":{"line":8,"column":31}}}},"statementMap":{"1":{"start":{"line":6,"column":0},"end":{"line":6,"column":35}},"2":{"start":{"line":8,"column":0},"end":{"line":61,"column":2}},"3":{"start":{"line":10,"column":1},"end":{"line":10,"column":70}},"4":{"start":{"line":13,"column":1},"end":{"line":13,"column":64}},"5":{"start":{"line":14,"column":1},"end":{"line":14,"column":60}},"6":{"start":{"line":15,"column":1},"end":{"line":15,"column":85}},"7":{"start":{"line":18,"column":1},"end":{"line":18,"column":71}},"8":{"start":{"line":19,"column":1},"end":{"line":19,"column":63}},"9":{"start":{"line":22,"column":1},"end":{"line":22,"column":78}},"10":{"start":{"line":23,"column":1},"end":{"line":23,"column":46}},"11":{"start":{"line":24,"column":1},"end":{"line":24,"column":63}},"12":{"start":{"line":25,"column":1},"end":{"line":25,"column":51}},"13":{"start":{"line":28,"column":1},"end":{"line":28,"column":46}},"14":{"start":{"line":29,"column":1},"end":{"line":29,"column":46}},"15":{"start":{"line":30,"column":1},"end":{"line":30,"column":47}},"16":{"start":{"line":60,"column":1},"end":{"line":60,"column":37}}},"branchMap":{}},"/Volumes/untitled/Dev/KMC Contracting/kiosk_form/config/passport.js":{"path":"/Volumes/untitled/Dev/KMC Contracting/kiosk_form/config/passport.js","s":{"1":1,"2":1,"3":1,"4":0,"5":1,"6":0,"7":0,"8":1,"9":6},"b":{},"f":{"1":1,"2":0,"3":0,"4":0,"5":6},"fnMap":{"1":{"name":"(anonymous_1)","line":14,"loc":{"start":{"line":14,"column":17},"end":{"line":14,"column":28}}},"2":{"name":"(anonymous_2)","line":16,"loc":{"start":{"line":16,"column":24},"end":{"line":16,"column":45}}},"3":{"name":"(anonymous_3)","line":21,"loc":{"start":{"line":21,"column":26},"end":{"line":21,"column":45}}},"4":{"name":"(anonymous_4)","line":24,"loc":{"start":{"line":24,"column":24},"end":{"line":24,"column":44}}},"5":{"name":"(anonymous_5)","line":30,"loc":{"start":{"line":30,"column":63},"end":{"line":30,"column":82}}}},"statementMap":{"1":{"start":{"line":6,"column":0},"end":{"line":9,"column":30}},"2":{"start":{"line":14,"column":0},"end":{"line":33,"column":2}},"3":{"start":{"line":16,"column":1},"end":{"line":18,"column":4}},"4":{"start":{"line":17,"column":2},"end":{"line":17,"column":22}},"5":{"start":{"line":21,"column":1},"end":{"line":27,"column":4}},"6":{"start":{"line":22,"column":2},"end":{"line":26,"column":5}},"7":{"start":{"line":25,"column":3},"end":{"line":25,"column":19}},"8":{"start":{"line":30,"column":1},"end":{"line":32,"column":4}},"9":{"start":{"line":31,"column":2},"end":{"line":31,"column":36}}},"branchMap":{}},"/Volumes/untitled/Dev/KMC Contracting/kiosk_form/config/strategies/facebook.js":{"path":"/Volumes/untitled/Dev/KMC Contracting/kiosk_form/config/strategies/facebook.js","s":{"1":1,"2":1,"3":1,"4":0,"5":0,"6":0,"7":0,"8":0},"b":{},"f":{"1":1,"2":0},"fnMap":{"1":{"name":"(anonymous_1)","line":11,"loc":{"start":{"line":11,"column":17},"end":{"line":11,"column":28}}},"2":{"name":"(anonymous_2)","line":19,"loc":{"start":{"line":19,"column":2},"end":{"line":19,"column":58}}}},"statementMap":{"1":{"start":{"line":6,"column":0},"end":{"line":9,"column":66}},"2":{"start":{"line":11,"column":0},"end":{"line":41,"column":2}},"3":{"start":{"line":13,"column":1},"end":{"line":40,"column":4}},"4":{"start":{"line":21,"column":3},"end":{"line":21,"column":36}},"5":{"start":{"line":22,"column":3},"end":{"line":22,"column":42}},"6":{"start":{"line":23,"column":3},"end":{"line":23,"column":44}},"7":{"start":{"line":26,"column":3},"end":{"line":35,"column":5}},"8":{"start":{"line":38,"column":3},"end":{"line":38,"column":62}}},"branchMap":{}},"/Volumes/untitled/Dev/KMC Contracting/kiosk_form/config/strategies/github.js":{"path":"/Volumes/untitled/Dev/KMC Contracting/kiosk_form/config/strategies/github.js","s":{"1":1,"2":1,"3":1,"4":0,"5":0,"6":0,"7":0,"8":0,"9":0,"10":0,"11":0,"12":0},"b":{"1":[0,0],"2":[0,0]},"f":{"1":1,"2":0},"fnMap":{"1":{"name":"(anonymous_1)","line":11,"loc":{"start":{"line":11,"column":17},"end":{"line":11,"column":28}}},"2":{"name":"(anonymous_2)","line":19,"loc":{"start":{"line":19,"column":2},"end":{"line":19,"column":58}}}},"statementMap":{"1":{"start":{"line":6,"column":0},"end":{"line":9,"column":66}},"2":{"start":{"line":11,"column":0},"end":{"line":46,"column":2}},"3":{"start":{"line":13,"column":1},"end":{"line":45,"column":4}},"4":{"start":{"line":21,"column":3},"end":{"line":21,"column":36}},"5":{"start":{"line":22,"column":3},"end":{"line":22,"column":42}},"6":{"start":{"line":23,"column":3},"end":{"line":23,"column":44}},"7":{"start":{"line":26,"column":3},"end":{"line":26,"column":48}},"8":{"start":{"line":27,"column":3},"end":{"line":27,"column":41}},"9":{"start":{"line":28,"column":3},"end":{"line":28,"column":83}},"10":{"start":{"line":29,"column":3},"end":{"line":29,"column":73}},"11":{"start":{"line":31,"column":3},"end":{"line":40,"column":5}},"12":{"start":{"line":43,"column":3},"end":{"line":43,"column":62}}},"branchMap":{"1":{"line":28,"type":"cond-expr","locations":[{"start":{"line":28,"column":36},"end":{"line":28,"column":68}},{"start":{"line":28,"column":71},"end":{"line":28,"column":82}}]},"2":{"line":29,"type":"cond-expr","locations":[{"start":{"line":29,"column":34},"end":{"line":29,"column":67}},{"start":{"line":29,"column":70},"end":{"line":29,"column":72}}]}}},"/Volumes/untitled/Dev/KMC Contracting/kiosk_form/config/strategies/google.js":{"path":"/Volumes/untitled/Dev/KMC Contracting/kiosk_form/config/strategies/google.js","s":{"1":1,"2":1,"3":1,"4":0,"5":0,"6":0,"7":0,"8":0},"b":{},"f":{"1":1,"2":0},"fnMap":{"1":{"name":"(anonymous_1)","line":11,"loc":{"start":{"line":11,"column":17},"end":{"line":11,"column":28}}},"2":{"name":"(anonymous_2)","line":19,"loc":{"start":{"line":19,"column":2},"end":{"line":19,"column":58}}}},"statementMap":{"1":{"start":{"line":6,"column":0},"end":{"line":9,"column":66}},"2":{"start":{"line":11,"column":0},"end":{"line":41,"column":2}},"3":{"start":{"line":13,"column":1},"end":{"line":40,"column":4}},"4":{"start":{"line":21,"column":3},"end":{"line":21,"column":36}},"5":{"start":{"line":22,"column":3},"end":{"line":22,"column":42}},"6":{"start":{"line":23,"column":3},"end":{"line":23,"column":44}},"7":{"start":{"line":26,"column":3},"end":{"line":35,"column":5}},"8":{"start":{"line":38,"column":3},"end":{"line":38,"column":62}}},"branchMap":{}},"/Volumes/untitled/Dev/KMC Contracting/kiosk_form/config/strategies/linkedin.js":{"path":"/Volumes/untitled/Dev/KMC Contracting/kiosk_form/config/strategies/linkedin.js","s":{"1":1,"2":1,"3":1,"4":0,"5":0,"6":0,"7":0,"8":0},"b":{},"f":{"1":1,"2":0},"fnMap":{"1":{"name":"(anonymous_1)","line":11,"loc":{"start":{"line":11,"column":17},"end":{"line":11,"column":28}}},"2":{"name":"(anonymous_2)","line":20,"loc":{"start":{"line":20,"column":2},"end":{"line":20,"column":58}}}},"statementMap":{"1":{"start":{"line":6,"column":0},"end":{"line":9,"column":66}},"2":{"start":{"line":11,"column":0},"end":{"line":42,"column":2}},"3":{"start":{"line":13,"column":1},"end":{"line":41,"column":4}},"4":{"start":{"line":22,"column":3},"end":{"line":22,"column":36}},"5":{"start":{"line":23,"column":3},"end":{"line":23,"column":42}},"6":{"start":{"line":24,"column":3},"end":{"line":24,"column":44}},"7":{"start":{"line":27,"column":3},"end":{"line":36,"column":5}},"8":{"start":{"line":39,"column":3},"end":{"line":39,"column":62}}},"branchMap":{}},"/Volumes/untitled/Dev/KMC Contracting/kiosk_form/config/strategies/local.js":{"path":"/Volumes/untitled/Dev/KMC Contracting/kiosk_form/config/strategies/local.js","s":{"1":1,"2":1,"3":1,"4":1,"5":1,"6":0,"7":1,"8":1,"9":0,"10":0,"11":0},"b":{"1":[0,1],"2":[1,0],"3":[0,0]},"f":{"1":1,"2":1,"3":1},"fnMap":{"1":{"name":"(anonymous_1)","line":10,"loc":{"start":{"line":10,"column":17},"end":{"line":10,"column":28}}},"2":{"name":"(anonymous_2)","line":16,"loc":{"start":{"line":16,"column":2},"end":{"line":16,"column":37}}},"3":{"name":"(anonymous_3)","line":19,"loc":{"start":{"line":19,"column":6},"end":{"line":19,"column":26}}}},"statementMap":{"1":{"start":{"line":6,"column":0},"end":{"line":8,"column":42}},"2":{"start":{"line":10,"column":0},"end":{"line":38,"column":2}},"3":{"start":{"line":12,"column":1},"end":{"line":37,"column":4}},"4":{"start":{"line":17,"column":3},"end":{"line":35,"column":6}},"5":{"start":{"line":20,"column":4},"end":{"line":22,"column":5}},"6":{"start":{"line":21,"column":5},"end":{"line":21,"column":22}},"7":{"start":{"line":23,"column":4},"end":{"line":27,"column":5}},"8":{"start":{"line":24,"column":5},"end":{"line":26,"column":8}},"9":{"start":{"line":28,"column":4},"end":{"line":32,"column":5}},"10":{"start":{"line":29,"column":5},"end":{"line":31,"column":8}},"11":{"start":{"line":34,"column":4},"end":{"line":34,"column":28}}},"branchMap":{"1":{"line":20,"type":"if","locations":[{"start":{"line":20,"column":4},"end":{"line":20,"column":4}},{"start":{"line":20,"column":4},"end":{"line":20,"column":4}}]},"2":{"line":23,"type":"if","locations":[{"start":{"line":23,"column":4},"end":{"line":23,"column":4}},{"start":{"line":23,"column":4},"end":{"line":23,"column":4}}]},"3":{"line":28,"type":"if","locations":[{"start":{"line":28,"column":4},"end":{"line":28,"column":4}},{"start":{"line":28,"column":4},"end":{"line":28,"column":4}}]}}},"/Volumes/untitled/Dev/KMC Contracting/kiosk_form/config/strategies/twitter.js":{"path":"/Volumes/untitled/Dev/KMC Contracting/kiosk_form/config/strategies/twitter.js","s":{"1":1,"2":1,"3":1,"4":0,"5":0,"6":0,"7":0,"8":0,"9":0,"10":0,"11":0,"12":0},"b":{"1":[0,0],"2":[0,0]},"f":{"1":1,"2":0},"fnMap":{"1":{"name":"(anonymous_1)","line":11,"loc":{"start":{"line":11,"column":17},"end":{"line":11,"column":28}}},"2":{"name":"(anonymous_2)","line":19,"loc":{"start":{"line":19,"column":2},"end":{"line":19,"column":51}}}},"statementMap":{"1":{"start":{"line":6,"column":0},"end":{"line":9,"column":66}},"2":{"start":{"line":11,"column":0},"end":{"line":45,"column":2}},"3":{"start":{"line":13,"column":1},"end":{"line":44,"column":4}},"4":{"start":{"line":21,"column":3},"end":{"line":21,"column":36}},"5":{"start":{"line":22,"column":3},"end":{"line":22,"column":30}},"6":{"start":{"line":23,"column":3},"end":{"line":23,"column":42}},"7":{"start":{"line":26,"column":3},"end":{"line":26,"column":48}},"8":{"start":{"line":27,"column":3},"end":{"line":27,"column":41}},"9":{"start":{"line":28,"column":3},"end":{"line":28,"column":83}},"10":{"start":{"line":29,"column":3},"end":{"line":29,"column":73}},"11":{"start":{"line":31,"column":3},"end":{"line":39,"column":5}},"12":{"start":{"line":42,"column":3},"end":{"line":42,"column":62}}},"branchMap":{"1":{"line":28,"type":"cond-expr","locations":[{"start":{"line":28,"column":36},"end":{"line":28,"column":68}},{"start":{"line":28,"column":71},"end":{"line":28,"column":82}}]},"2":{"line":29,"type":"cond-expr","locations":[{"start":{"line":29,"column":34},"end":{"line":29,"column":67}},{"start":{"line":29,"column":70},"end":{"line":29,"column":72}}]}}}}