TN:
SF:/Volumes/untitled/Dev/KMC Contracting/kiosk_form/server.js
FN:19,(anonymous_1)
FN:25,(anonymous_2)
FNF:2
FNH:1
FNDA:1,(anonymous_1)
FNDA:0,(anonymous_2)
DA:5,1
DA:10,1
DA:19,1
DA:20,1
DA:21,0
DA:22,0
DA:25,1
DA:26,0
DA:27,0
DA:31,1
DA:34,1
DA:37,1
DA:40,1
DA:43,1
DA:44,1
DA:45,1
DA:46,1
DA:47,1
DA:48,1
DA:49,0
DA:51,1
LF:21
LH:16
BRDA:20,1,0,0
BRDA:20,1,1,1
BRDA:48,2,0,0
BRDA:48,2,1,1
BRF:4
BRH:2
end_of_record
TN:
SF:/Volumes/untitled/Dev/KMC Contracting/kiosk_form/config/init.js
FN:12,(anonymous_1)
FNF:1
FNH:1
FNDA:1,(anonymous_1)
DA:6,1
DA:12,1
DA:17,1
DA:18,1
DA:19,0
DA:20,0
DA:22,0
DA:25,0
LF:8
LH:4
BRDA:18,1,0,0
BRDA:18,1,1,1
BRDA:19,2,0,0
BRDA:19,2,1,0
BRF:4
BRH:1
end_of_record
TN:
SF:/Volumes/untitled/Dev/KMC Contracting/kiosk_form/config/config.js
FN:34,(anonymous_1)
FN:46,(anonymous_2)
FN:55,(anonymous_3)
FN:67,(anonymous_4)
FN:68,(anonymous_5)
FN:76,(anonymous_6)
FN:79,(anonymous_7)
FN:82,(anonymous_8)
FN:89,(anonymous_9)
FN:103,(anonymous_10)
FNF:10
FNH:10
FNDA:11,(anonymous_1)
FNDA:6,(anonymous_2)
FNDA:44,(anonymous_3)
FNDA:3,(anonymous_4)
FNDA:40,(anonymous_5)
FNDA:1,(anonymous_6)
FNDA:1,(anonymous_7)
FNDA:1,(anonymous_8)
FNDA:1,(anonymous_9)
FNDA:1,(anonymous_10)
DA:6,1
DA:15,1
DA:21,1
DA:22,1
DA:27,0
DA:34,1
DA:36,11
DA:39,11
DA:42,11
DA:45,11
DA:46,2
DA:47,6
DA:49,9
DA:50,9
DA:51,0
DA:53,9
DA:54,9
DA:55,6
DA:56,44
DA:60,9
DA:64,11
DA:67,1
DA:68,3
DA:69,40
DA:76,1
DA:77,1
DA:79,1
DA:80,1
DA:82,1
DA:83,1
DA:89,1
DA:90,1
DA:93,1
DA:94,0
DA:97,1
DA:103,1
DA:104,1
DA:105,1
LF:38
LH:35
BRDA:17,1,0,1
BRDA:17,1,1,0
BRDA:21,2,0,1
BRDA:21,2,1,0
BRDA:45,3,0,2
BRDA:45,3,1,9
BRDA:49,4,0,9
BRDA:49,4,1,0
BRDA:50,5,0,0
BRDA:50,5,1,9
BRDA:54,6,0,6
BRDA:54,6,1,3
BRDA:93,7,0,0
BRDA:93,7,1,1
BRF:14
BRH:9
end_of_record
TN:
SF:/Volumes/untitled/Dev/KMC Contracting/kiosk_form/config/env/all.js
FNF:0
FNH:0
DA:3,1
LF:1
LH:1
BRDA:9,1,0,1
BRDA:9,1,1,1
BRDA:16,2,0,1
BRDA:16,2,1,1
BRDA:17,3,0,1
BRDA:17,3,1,1
BRF:6
BRH:6
end_of_record
TN:
SF:/Volumes/untitled/Dev/KMC Contracting/kiosk_form/config/env/test.js
FNF:0
FNH:0
DA:3,1
LF:1
LH:1
BRDA:26,1,0,1
BRDA:26,1,1,1
BRDA:27,2,0,1
BRDA:27,2,1,1
BRDA:31,3,0,1
BRDA:31,3,1,1
BRDA:32,4,0,1
BRDA:32,4,1,1
BRDA:36,5,0,1
BRDA:36,5,1,1
BRDA:37,6,0,1
BRDA:37,6,1,1
BRDA:41,7,0,1
BRDA:41,7,1,1
BRDA:42,8,0,1
BRDA:42,8,1,1
BRDA:46,9,0,1
BRDA:46,9,1,1
BRDA:47,10,0,1
BRDA:47,10,1,1
BRDA:51,11,0,1
BRDA:51,11,1,1
BRDA:53,12,0,1
BRDA:53,12,1,1
BRDA:55,13,0,1
BRDA:55,13,1,1
BRDA:56,14,0,1
BRDA:56,14,1,1
BRDA:61,15,0,1
BRDA:61,15,1,1
BRDA:63,16,0,1
BRDA:63,16,1,1
BRDA:66,17,0,1
BRDA:66,17,1,1
BRDA:67,18,0,1
BRDA:67,18,1,1
BRF:36
BRH:36
end_of_record
TN:
SF:/Volumes/untitled/Dev/KMC Contracting/kiosk_form/config/env/api_keys.js
FNF:0
FNH:0
DA:1,1
LF:1
LH:1
BRDA:12,1,0,1
BRDA:12,1,1,1
BRF:2
BRH:2
end_of_record
TN:
SF:/Volumes/untitled/Dev/KMC Contracting/kiosk_form/config/express.js
FN:31,(anonymous_1)
FN:36,(anonymous_2)
FN:54,(anonymous_3)
FN:65,(anonymous_4)
FN:139,(anonymous_5)
FN:144,(anonymous_6)
FN:170,(anonymous_7)
FN:185,(anonymous_8)
FNF:8
FNH:5
FNDA:1,(anonymous_1)
FNDA:5,(anonymous_2)
FNDA:4,(anonymous_3)
FNDA:4,(anonymous_4)
FNDA:3,(anonymous_5)
FNDA:0,(anonymous_6)
FNDA:0,(anonymous_7)
FNDA:0,(anonymous_8)
DA:6,1
DA:31,1
DA:33,1
DA:36,1
DA:37,5
DA:41,1
DA:42,1
DA:43,1
DA:44,1
DA:46,1
DA:47,1
DA:48,1
DA:50,1
DA:51,1
DA:54,1
DA:55,4
DA:56,0
DA:58,4
DA:59,4
DA:63,1
DA:66,4
DA:73,1
DA:77,1
DA:80,1
DA:81,1
DA:84,1
DA:87,1
DA:89,0
DA:90,1
DA:91,0
DA:95,1
DA:98,1
DA:99,1
DA:102,1
DA:103,1
DA:104,1
DA:105,1
DA:106,1
DA:109,1
DA:110,1
DA:113,1
DA:116,1
DA:129,1
DA:130,1
DA:133,1
DA:136,1
DA:139,1
DA:140,3
DA:144,1
DA:147,0
DA:150,0
DA:153,0
DA:157,0
DA:160,0
DA:164,1
DA:167,1
DA:170,1
DA:172,0
DA:175,0
DA:176,0
DA:179,0
DA:185,1
DA:186,0
DA:187,0
DA:193,1
DA:195,0
DA:196,0
DA:199,0
DA:205,0
DA:209,1
LF:70
LH:52
BRDA:55,1,0,0
BRDA:55,1,1,4
BRDA:87,2,0,0
BRDA:87,2,1,1
BRDA:90,3,0,0
BRDA:90,3,1,1
BRDA:172,4,0,0
BRDA:172,4,1,0
BRDA:193,5,0,0
BRDA:193,5,1,1
BRF:10
BRH:4
end_of_record
TN:
SF:/Volumes/untitled/Dev/KMC Contracting/kiosk_form/config/logger.js
FN:16,(anonymous_1)
FN:20,(anonymous_2)
FNF:2
FNH:2
FNDA:1,(anonymous_1)
FNDA:1,(anonymous_2)
DA:7,1
DA:8,1
DA:9,1
DA:14,1
DA:17,1
DA:21,1
DA:23,1
DA:24,1
DA:25,0
DA:30,0
DA:33,1
LF:11
LH:9
BRDA:24,1,0,0
BRDA:24,1,1,1
BRF:2
BRH:1
end_of_record
TN:
SF:/Volumes/untitled/Dev/KMC Contracting/kiosk_form/app/models/form_field.server.model.js
FN:98,(anonymous_1)
FNF:1
FNH:1
FNDA:5,(anonymous_1)
DA:6,1
DA:11,1
DA:30,1
DA:92,1
DA:98,1
DA:99,5
DA:100,5
DA:104,1
DA:106,1
LF:9
LH:9
BRF:0
BRH:0
end_of_record
TN:
SF:/Volumes/untitled/Dev/KMC Contracting/kiosk_form/app/models/form_submission.server.model.js
FN:129,(anonymous_1)
FN:134,(anonymous_2)
FN:135,(anonymous_3)
FN:163,(anonymous_4)
FN:191,(anonymous_5)
FN:193,(anonymous_6)
FN:194,(anonymous_7)
FN:202,(anonymous_8)
FN:205,(anonymous_9)
FN:208,(anonymous_10)
FN:218,(anonymous_11)
FN:236,(anonymous_12)
FN:240,(anonymous_13)
FN:251,(anonymous_14)
FN:264,(anonymous_15)
FNF:15
FNH:0
FNDA:0,(anonymous_1)
FNDA:0,(anonymous_2)
FNDA:0,(anonymous_3)
FNDA:0,(anonymous_4)
FNDA:0,(anonymous_5)
FNDA:0,(anonymous_6)
FNDA:0,(anonymous_7)
FNDA:0,(anonymous_8)
FNDA:0,(anonymous_9)
FNDA:0,(anonymous_10)
FNDA:0,(anonymous_11)
FNDA:0,(anonymous_12)
FNDA:0,(anonymous_13)
FNDA:0,(anonymous_14)
FNDA:0,(anonymous_15)
DA:6,1
DA:20,1
DA:47,1
DA:122,1
DA:129,1
DA:131,0
DA:133,0
DA:134,0
DA:135,0
DA:143,0
DA:147,0
DA:148,0
DA:149,0
DA:152,0
DA:154,0
DA:163,0
DA:164,0
DA:165,0
DA:166,0
DA:168,0
DA:169,0
DA:170,0
DA:172,0
DA:173,0
DA:174,0
DA:175,0
DA:176,0
DA:177,0
DA:178,0
DA:181,0
DA:182,0
DA:183,0
DA:184,0
DA:187,0
DA:189,0
DA:190,0
DA:193,0
DA:194,0
DA:195,0
DA:196,0
DA:197,0
DA:204,0
DA:205,0
DA:206,0
DA:208,0
DA:209,0
DA:211,0
DA:212,0
DA:219,0
DA:221,0
DA:222,0
DA:223,0
DA:226,0
DA:230,0
DA:236,1
DA:237,0
DA:238,0
DA:239,0
DA:240,0
DA:241,0
DA:242,0
DA:243,0
DA:247,0
DA:251,1
DA:252,0
DA:257,0
DA:258,0
DA:259,0
DA:260,0
DA:262,0
DA:264,0
DA:265,0
DA:266,0
DA:267,0
DA:269,0
DA:270,0
DA:273,0
DA:277,1
LF:78
LH:8
BRDA:133,1,0,0
BRDA:133,1,1,0
BRDA:143,2,0,0
BRDA:143,2,1,0
BRDA:147,3,0,0
BRDA:147,3,1,0
BRDA:147,4,0,0
BRDA:147,4,1,0
BRDA:147,4,2,0
BRDA:172,5,0,0
BRDA:172,5,1,0
BRDA:174,6,0,0
BRDA:174,6,1,0
BRDA:195,7,0,0
BRDA:195,7,1,0
BRDA:204,8,0,0
BRDA:204,8,1,0
BRDA:211,9,0,0
BRDA:211,9,1,0
BRDA:219,10,0,0
BRDA:219,10,1,0
BRDA:238,11,0,0
BRDA:238,11,1,0
BRDA:239,12,0,0
BRDA:239,12,1,0
BRDA:239,13,0,0
BRDA:239,13,1,0
BRDA:241,14,0,0
BRDA:241,14,1,0
BRDA:257,15,0,0
BRDA:257,15,1,0
BRDA:257,16,0,0
BRDA:257,16,1,0
BRDA:265,17,0,0
BRDA:265,17,1,0
BRF:35
BRH:0
end_of_record
TN:
SF:/Volumes/untitled/Dev/KMC Contracting/kiosk_form/scripts/oscarhost/OscarSecurity.js
FN:6,WSSecurity
FN:11,(anonymous_2)
FNF:2
FNH:0
FNDA:0,WSSecurity
FNDA:0,(anonymous_2)
DA:3,1
DA:6,1
DA:7,0
DA:8,0
DA:11,1
DA:12,0
DA:14,0
DA:23,1
LF:8
LH:4
BRF:0
BRH:0
end_of_record
TN:
SF:/Volumes/untitled/Dev/KMC Contracting/kiosk_form/app/models/form.server.model.js
FN:198,(anonymous_1)
FN:219,(anonymous_2)
FN:222,(anonymous_3)
FN:232,(anonymous_4)
FN:235,(anonymous_5)
FN:248,getDeletedIndexes
FN:262,(anonymous_7)
FN:266,(anonymous_8)
FN:284,(anonymous_9)
FN:300,(anonymous_10)
FN:317,(anonymous_11)
FN:352,(anonymous_12)
FN:363,(anonymous_13)
FN:372,(anonymous_14)
FN:382,(anonymous_15)
FN:383,(anonymous_16)
FN:400,(anonymous_17)
FN:407,(anonymous_18)
FN:425,(anonymous_19)
FN:435,(anonymous_20)
FN:441,(anonymous_21)
FN:465,(anonymous_22)
FN:469,(anonymous_23)
FNF:23
FNH:3
FNDA:0,(anonymous_1)
FNDA:0,(anonymous_2)
FNDA:0,(anonymous_3)
FNDA:1,(anonymous_4)
FNDA:1,(anonymous_5)
FNDA:0,getDeletedIndexes
FNDA:1,(anonymous_7)
FNDA:0,(anonymous_8)
FNDA:0,(anonymous_9)
FNDA:0,(anonymous_10)
FNDA:0,(anonymous_11)
FNDA:0,(anonymous_12)
FNDA:0,(anonymous_13)
FNDA:0,(anonymous_14)
FNDA:0,(anonymous_15)
FNDA:0,(anonymous_16)
FNDA:0,(anonymous_17)
FNDA:0,(anonymous_18)
FNDA:0,(anonymous_19)
FNDA:0,(anonymous_20)
FNDA:0,(anonymous_21)
FNDA:0,(anonymous_22)
FNDA:0,(anonymous_23)
DA:6,1
DA:18,1
DA:19,1
DA:21,1
DA:25,1
DA:47,1
DA:193,1
DA:198,1
DA:199,0
DA:200,0
DA:216,0
DA:219,1
DA:220,0
DA:222,0
DA:223,0
DA:224,0
DA:229,1
DA:232,1
DA:234,1
DA:236,1
DA:237,0
DA:238,0
DA:240,1
DA:243,1
DA:248,1
DA:249,0
DA:251,0
DA:252,0
DA:253,0
DA:254,0
DA:258,0
DA:262,1
DA:263,1
DA:264,0
DA:265,0
DA:267,0
DA:269,0
DA:271,0
DA:274,0
DA:275,0
DA:277,0
DA:279,0
DA:280,0
DA:283,0
DA:284,0
DA:285,0
DA:286,0
DA:287,0
DA:289,0
DA:290,0
DA:292,0
DA:296,0
DA:301,0
DA:302,0
DA:303,0
DA:304,0
DA:317,0
DA:318,0
DA:319,0
DA:320,0
DA:321,0
DA:325,0
DA:326,0
DA:329,0
DA:330,0
DA:334,0
DA:335,0
DA:341,0
DA:345,0
DA:346,0
DA:349,0
DA:353,0
DA:354,0
DA:358,0
DA:359,0
DA:362,1
DA:363,0
DA:364,0
DA:365,0
DA:366,0
DA:369,0
DA:372,1
DA:379,0
DA:381,0
DA:382,0
DA:383,0
DA:395,0
DA:397,0
DA:399,0
DA:402,0
DA:405,0
DA:408,0
DA:409,0
DA:410,0
DA:414,0
DA:418,0
DA:421,0
DA:426,0
DA:427,0
DA:428,0
DA:435,0
DA:438,0
DA:441,0
DA:442,0
DA:443,0
DA:446,0
DA:449,0
DA:453,0
DA:455,0
DA:458,0
DA:459,0
DA:465,0
DA:466,0
DA:467,0
DA:470,0
DA:471,0
DA:472,0
DA:476,0
DA:481,0
DA:484,0
DA:489,1
LF:121
LH:21
BRDA:220,1,0,0
BRDA:220,1,1,0
BRDA:220,2,0,0
BRDA:220,2,1,0
BRDA:223,3,0,0
BRDA:223,3,1,0
BRDA:236,4,0,0
BRDA:236,4,1,1
BRDA:251,5,0,0
BRDA:251,5,1,0
BRDA:253,6,0,0
BRDA:253,6,1,0
BRDA:263,7,0,0
BRDA:263,7,1,1
BRDA:267,8,0,0
BRDA:267,8,1,0
BRDA:267,9,0,0
BRDA:267,9,1,0
BRDA:279,10,0,0
BRDA:279,10,1,0
BRDA:279,11,0,0
BRDA:279,11,1,0
BRDA:285,12,0,0
BRDA:285,12,1,0
BRDA:301,13,0,0
BRDA:301,13,1,0
BRDA:318,14,0,0
BRDA:318,14,1,0
BRDA:320,15,0,0
BRDA:320,15,1,0
BRDA:320,16,0,0
BRDA:320,16,1,0
BRDA:320,16,2,0
BRDA:329,17,0,0
BRDA:329,17,1,0
BRDA:353,18,0,0
BRDA:353,18,1,0
BRDA:362,19,0,0
BRDA:362,19,1,0
BRDA:364,20,0,0
BRDA:364,20,1,0
BRDA:379,21,0,0
BRDA:379,21,1,0
BRDA:379,22,0,0
BRDA:379,22,1,0
BRDA:379,22,2,0
BRDA:395,23,0,0
BRDA:395,23,1,0
BRDA:408,24,0,0
BRDA:408,24,1,0
BRDA:414,25,0,0
BRDA:414,25,1,0
BRDA:426,26,0,0
BRDA:426,26,1,0
BRDA:449,27,0,0
BRDA:449,27,1,0
BRDA:466,28,0,0
BRDA:466,28,1,0
BRDA:470,29,0,0
BRDA:470,29,1,0
BRF:60
BRH:2
end_of_record
TN:
SF:/Volumes/untitled/Dev/KMC Contracting/kiosk_form/app/models/logic_jump.server.model.js
FN:22,(anonymous_1)
FN:30,(anonymous_2)
FN:34,(anonymous_3)
FNF:3
FNH:0
FNDA:0,(anonymous_1)
FNDA:0,(anonymous_2)
FNDA:0,(anonymous_3)
DA:6,1
DA:12,1
DA:22,1
DA:25,0
DA:26,0
DA:27,0
DA:30,0
DA:31,0
DA:33,0
DA:35,0
DA:36,0
DA:37,0
DA:40,0
DA:41,0
DA:43,0
DA:45,0
DA:46,0
DA:51,0
DA:52,0
DA:54,0
DA:55,0
DA:58,1
DA:62,1
DA:78,1
LF:24
LH:6
BRDA:31,1,0,0
BRDA:31,1,1,0
BRDA:35,2,0,0
BRDA:35,2,1,0
BRDA:40,3,0,0
BRDA:40,3,1,0
BRF:6
BRH:0
end_of_record
TN:
SF:/Volumes/untitled/Dev/KMC Contracting/kiosk_form/app/models/user.server.model.js
FN:17,(anonymous_1)
FN:24,(anonymous_2)
FN:102,(anonymous_3)
FN:113,(anonymous_4)
FN:137,(anonymous_5)
FN:140,(anonymous_6)
FN:148,(anonymous_7)
FN:164,(anonymous_8)
FN:171,(anonymous_9)
FN:177,(anonymous_10)
FN:193,(anonymous_11)
FNF:11
FNH:6
FNDA:32,(anonymous_1)
FNDA:0,(anonymous_2)
FNDA:0,(anonymous_3)
FNDA:7,(anonymous_4)
FNDA:15,(anonymous_5)
FNDA:0,(anonymous_6)
FNDA:15,(anonymous_7)
FNDA:0,(anonymous_8)
FNDA:2,(anonymous_9)
FNDA:2,(anonymous_10)
FNDA:0,(anonymous_11)
DA:6,1
DA:17,1
DA:18,32
DA:24,1
DA:25,0
DA:31,1
DA:102,1
DA:103,0
DA:106,1
DA:113,1
DA:114,7
DA:115,7
DA:116,0
DA:119,0
DA:120,0
DA:122,0
DA:124,0
DA:126,0
DA:128,0
DA:131,7
DA:137,1
DA:138,15
DA:140,1
DA:141,0
DA:148,1
DA:150,15
DA:151,15
DA:154,15
DA:155,15
DA:157,0
DA:164,1
DA:165,0
DA:171,1
DA:172,2
DA:173,2
DA:175,2
DA:178,2
DA:179,2
DA:180,1
DA:182,1
DA:185,0
DA:193,1
DA:194,0
DA:195,0
DA:197,0
DA:200,1
LF:46
LH:30
BRDA:18,1,0,32
BRDA:18,1,1,0
BRDA:18,1,2,32
BRDA:25,2,0,0
BRDA:25,2,1,0
BRDA:25,2,2,0
BRDA:115,3,0,0
BRDA:115,3,1,7
BRDA:124,4,0,0
BRDA:124,4,1,0
BRDA:124,5,0,0
BRDA:124,5,1,0
BRDA:150,6,0,15
BRDA:150,6,1,0
BRDA:154,7,0,15
BRDA:154,7,1,0
BRDA:173,8,0,2
BRDA:173,8,1,1
BRDA:178,9,0,2
BRDA:178,9,1,0
BRDA:179,10,0,1
BRDA:179,10,1,1
BRDA:182,11,0,1
BRDA:182,11,1,1
BRDA:194,12,0,0
BRDA:194,12,1,0
BRF:26
BRH:12
end_of_record
TN:
SF:/Volumes/untitled/Dev/KMC Contracting/kiosk_form/app/routes/core.server.routes.js
FN:3,(anonymous_1)
FNF:1
FNH:1
FNDA:1,(anonymous_1)
DA:3,1
DA:5,1
DA:6,1
LF:3
LH:3
BRF:0
BRH:0
end_of_record
TN:
SF:/Volumes/untitled/Dev/KMC Contracting/kiosk_form/app/controllers/core.server.controller.js
FN:8,(anonymous_1)
FNF:1
FNH:0
FNDA:0,(anonymous_1)
DA:3,1
DA:8,1
DA:9,0
LF:3
LH:2
BRDA:10,1,0,0
BRDA:10,1,1,0
BRF:2
BRH:0
end_of_record
TN:
SF:/Volumes/untitled/Dev/KMC Contracting/kiosk_form/app/routes/forms.server.routes.js
FN:13,(anonymous_1)
FN:16,(anonymous_2)
FN:20,(anonymous_3)
FN:25,(anonymous_4)
FNF:4
FNH:1
FNDA:0,(anonymous_1)
FNDA:0,(anonymous_2)
FNDA:0,(anonymous_3)
FNDA:1,(anonymous_4)
DA:6,1
DA:12,1
DA:14,0
DA:18,0
DA:21,0
DA:25,1
DA:27,1
DA:30,1
DA:34,1
DA:40,1
DA:45,1
LF:11
LH:8
BRF:0
BRH:0
end_of_record
TN:
SF:/Volumes/untitled/Dev/KMC Contracting/kiosk_form/app/controllers/users.server.controller.js
FNF:0
FNH:0
DA:6,1
DA:11,1
LF:2
LH:2
BRF:0
BRH:0
end_of_record
TN:
SF:/Volumes/untitled/Dev/KMC Contracting/kiosk_form/app/controllers/users/users.authentication.server.controller.js
FN:19,(anonymous_1)
FN:44,(anonymous_2)
FN:60,(anonymous_3)
FN:61,(anonymous_4)
FN:75,(anonymous_5)
FN:76,(anonymous_6)
FN:96,(anonymous_7)
FN:108,(anonymous_8)
FN:120,(anonymous_9)
FN:143,(anonymous_10)
FN:144,(anonymous_11)
FN:153,(anonymous_12)
FN:169,(anonymous_13)
FN:178,(anonymous_14)
FN:179,(anonymous_15)
FN:180,(anonymous_16)
FN:184,(anonymous_17)
FN:198,(anonymous_18)
FN:218,(anonymous_19)
FN:225,(anonymous_20)
FN:237,(anonymous_21)
FN:260,(anonymous_22)
FN:272,(anonymous_23)
FN:285,(anonymous_24)
FN:291,(anonymous_25)
FNF:25
FNH:9
FNDA:1,(anonymous_1)
FNDA:1,(anonymous_2)
FNDA:1,(anonymous_3)
FNDA:1,(anonymous_4)
FNDA:0,(anonymous_5)
FNDA:0,(anonymous_6)
FNDA:2,(anonymous_7)
FNDA:2,(anonymous_8)
FNDA:2,(anonymous_9)
FNDA:1,(anonymous_10)
FNDA:1,(anonymous_11)
FNDA:0,(anonymous_12)
FNDA:0,(anonymous_13)
FNDA:0,(anonymous_14)
FNDA:0,(anonymous_15)
FNDA:0,(anonymous_16)
FNDA:0,(anonymous_17)
FNDA:0,(anonymous_18)
FNDA:0,(anonymous_19)
FNDA:0,(anonymous_20)
FNDA:0,(anonymous_21)
FNDA:0,(anonymous_22)
FNDA:0,(anonymous_23)
FNDA:0,(anonymous_24)
FNDA:0,(anonymous_25)
DA:6,1
DA:16,1
DA:19,1
DA:21,1
DA:23,1
DA:45,1
DA:46,0
DA:48,1
DA:53,1
DA:56,1
DA:58,1
DA:60,1
DA:61,1
DA:62,1
DA:63,0
DA:64,0
DA:66,1
DA:67,0
DA:70,1
DA:75,1
DA:76,0
DA:77,0
DA:78,0
DA:79,0
DA:82,0
DA:83,0
DA:84,0
DA:87,0
DA:96,1
DA:98,2
DA:101,2
DA:104,2
DA:105,2
DA:108,2
DA:110,2
DA:111,0
DA:112,0
DA:113,0
DA:119,2
DA:120,2
DA:121,2
DA:122,0
DA:123,0
DA:124,0
DA:128,2
DA:129,2
DA:133,0
DA:134,0
DA:143,1
DA:144,1
DA:145,1
DA:146,1
DA:149,0
DA:150,0
DA:151,0
DA:153,0
DA:154,0
DA:155,0
DA:159,0
DA:169,1
DA:170,0
DA:171,0
DA:172,0
DA:178,1
DA:179,0
DA:180,0
DA:181,0
DA:182,0
DA:184,0
DA:185,0
DA:186,0
DA:189,0
DA:198,1
DA:199,0
DA:201,0
DA:202,0
DA:205,0
DA:206,0
DA:207,0
DA:210,0
DA:211,0
DA:214,0
DA:218,0
DA:219,0
DA:220,0
DA:222,0
DA:223,0
DA:225,0
DA:226,0
DA:237,0
DA:238,0
DA:242,0
DA:248,0
DA:251,0
DA:253,0
DA:254,0
DA:257,0
DA:260,0
DA:261,0
DA:264,0
DA:272,1
DA:273,0
DA:274,0
DA:276,0
DA:278,0
DA:279,0
DA:282,0
DA:285,0
DA:286,0
DA:287,0
DA:291,0
DA:292,0
DA:293,0
DA:295,0
LF:114
LH:36
BRDA:45,1,0,0
BRDA:45,1,1,1
BRDA:62,2,0,0
BRDA:62,2,1,1
BRDA:66,3,0,0
BRDA:66,3,1,1
BRDA:77,4,0,0
BRDA:77,4,1,0
BRDA:82,5,0,0
BRDA:82,5,1,0
BRDA:110,6,0,0
BRDA:110,6,1,2
BRDA:119,7,0,2
BRDA:119,7,1,0
BRDA:121,8,0,0
BRDA:121,8,1,2
BRDA:145,9,0,1
BRDA:145,9,1,0
BRDA:145,10,0,1
BRDA:145,10,1,1
BRDA:154,11,0,0
BRDA:154,11,1,0
BRDA:181,12,0,0
BRDA:181,12,1,0
BRDA:181,13,0,0
BRDA:181,13,1,0
BRDA:185,14,0,0
BRDA:185,14,1,0
BRDA:189,15,0,0
BRDA:189,15,1,0
BRDA:199,16,0,0
BRDA:199,16,1,0
BRDA:219,17,0,0
BRDA:219,17,1,0
BRDA:222,18,0,0
BRDA:222,18,1,0
BRDA:223,19,0,0
BRDA:223,19,1,0
BRDA:223,20,0,0
BRDA:223,20,1,0
BRDA:251,21,0,0
BRDA:251,21,1,0
BRDA:251,22,0,0
BRDA:251,22,1,0
BRDA:251,22,2,0
BRDA:253,23,0,0
BRDA:253,23,1,0
BRDA:276,24,0,0
BRDA:276,24,1,0
BRDA:276,25,0,0
BRDA:276,25,1,0
BRDA:278,26,0,0
BRDA:278,26,1,0
BRDA:286,27,0,0
BRDA:286,27,1,0
BRDA:292,28,0,0
BRDA:292,28,1,0
BRF:57
BRH:9
end_of_record
TN:
SF:/Volumes/untitled/Dev/KMC Contracting/kiosk_form/app/controllers/errors.server.controller.js
FN:6,(anonymous_1)
FN:23,(anonymous_2)
FNF:2
FNH:0
FNDA:0,(anonymous_1)
FNDA:0,(anonymous_2)
DA:6,1
DA:7,0
DA:9,0
DA:10,0
DA:11,0
DA:14,0
DA:17,0
DA:23,1
DA:24,0
DA:26,0
DA:27,0
DA:30,0
DA:31,0
DA:33,0
DA:36,0
DA:37,0
DA:41,0
LF:17
LH:2
BRDA:26,1,0,0
BRDA:26,1,1,0
BRDA:27,2,0,0
BRDA:27,2,1,0
BRDA:27,2,2,0
BRDA:37,3,0,0
BRDA:37,3,1,0
BRF:7
BRH:0
end_of_record
TN:
SF:/Volumes/untitled/Dev/KMC Contracting/kiosk_form/app/controllers/users/users.authorization.server.controller.js
FN:13,(anonymous_1)
FN:22,(anonymous_2)
FN:37,(anonymous_3)
FN:50,(anonymous_4)
FN:53,(anonymous_5)
FN:54,(anonymous_6)
FNF:6
FNH:0
FNDA:0,(anonymous_1)
FNDA:0,(anonymous_2)
FNDA:0,(anonymous_3)
FNDA:0,(anonymous_4)
FNDA:0,(anonymous_5)
FNDA:0,(anonymous_6)
DA:6,1
DA:13,1
DA:14,0
DA:15,0
DA:20,0
DA:23,0
DA:24,0
DA:25,0
DA:26,0
DA:29,0
DA:30,0
DA:37,1
DA:38,0
DA:39,0
DA:43,0
DA:50,1
DA:51,0
DA:53,0
DA:54,0
DA:55,0
DA:56,0
DA:58,0
LF:22
LH:4
BRDA:14,1,0,0
BRDA:14,1,1,0
BRDA:23,2,0,0
BRDA:23,2,1,0
BRDA:25,3,0,0
BRDA:25,3,1,0
BRDA:38,4,0,0
BRDA:38,4,1,0
BRDA:55,5,0,0
BRDA:55,5,1,0
BRF:10
BRH:0
end_of_record
TN:
SF:/Volumes/untitled/Dev/KMC Contracting/kiosk_form/app/controllers/users/users.password.server.controller.js
FN:21,(anonymous_1)
FN:24,(anonymous_2)
FN:25,(anonymous_3)
FN:31,(anonymous_4)
FN:35,(anonymous_5)
FN:48,(anonymous_6)
FN:59,(anonymous_7)
FN:64,(anonymous_8)
FN:69,(anonymous_9)
FN:76,(anonymous_10)
FN:90,(anonymous_11)
FN:98,(anonymous_12)
FN:104,(anonymous_13)
FN:116,(anonymous_14)
FN:122,(anonymous_15)
FN:128,(anonymous_16)
FN:135,(anonymous_17)
FN:141,(anonymous_18)
FN:165,(anonymous_19)
FN:169,(anonymous_20)
FN:174,(anonymous_21)
FN:182,(anonymous_22)
FN:186,(anonymous_23)
FN:194,(anonymous_24)
FN:200,(anonymous_25)
FN:206,(anonymous_26)
FN:212,(anonymous_27)
FNF:27
FNH:0
FNDA:0,(anonymous_1)
FNDA:0,(anonymous_2)
FNDA:0,(anonymous_3)
FNDA:0,(anonymous_4)
FNDA:0,(anonymous_5)
FNDA:0,(anonymous_6)
FNDA:0,(anonymous_7)
FNDA:0,(anonymous_8)
FNDA:0,(anonymous_9)
FNDA:0,(anonymous_10)
FNDA:0,(anonymous_11)
FNDA:0,(anonymous_12)
FNDA:0,(anonymous_13)
FNDA:0,(anonymous_14)
FNDA:0,(anonymous_15)
FNDA:0,(anonymous_16)
FNDA:0,(anonymous_17)
FNDA:0,(anonymous_18)
FNDA:0,(anonymous_19)
FNDA:0,(anonymous_20)
FNDA:0,(anonymous_21)
FNDA:0,(anonymous_22)
FNDA:0,(anonymous_23)
FNDA:0,(anonymous_24)
FNDA:0,(anonymous_25)
FNDA:0,(anonymous_26)
FNDA:0,(anonymous_27)
DA:6,1
DA:16,1
DA:21,1
DA:22,0
DA:25,0
DA:26,0
DA:27,0
DA:32,0
DA:33,0
DA:36,0
DA:37,0
DA:40,0
DA:41,0
DA:45,0
DA:46,0
DA:48,0
DA:49,0
DA:54,0
DA:60,0
DA:65,0
DA:70,0
DA:76,0
DA:77,0
DA:78,0
DA:82,0
DA:87,0
DA:91,0
DA:98,1
DA:99,0
DA:105,0
DA:106,0
DA:109,0
DA:116,1
DA:118,0
DA:120,0
DA:123,0
DA:129,0
DA:130,0
DA:131,0
DA:132,0
DA:133,0
DA:135,0
DA:136,0
DA:137,0
DA:141,0
DA:142,0
DA:143,0
DA:146,0
DA:148,0
DA:154,0
DA:159,0
DA:166,0
DA:170,0
DA:175,0
DA:182,0
DA:183,0
DA:187,0
DA:194,1
DA:196,0
DA:198,0
DA:199,0
DA:200,0
DA:201,0
DA:202,0
DA:203,0
DA:204,0
DA:206,0
DA:207,0
DA:208,0
DA:212,0
DA:213,0
DA:214,0
DA:216,0
DA:224,0
DA:229,0
DA:234,0
DA:240,0
DA:245,0
LF:78
LH:6
BRDA:32,1,0,0
BRDA:32,1,1,0
BRDA:36,2,0,0
BRDA:36,2,1,0
BRDA:40,3,0,0
BRDA:40,3,1,0
BRDA:77,4,0,0
BRDA:77,4,1,0
BRDA:91,5,0,0
BRDA:91,5,1,0
BRDA:105,6,0,0
BRDA:105,6,1,0
BRDA:129,7,0,0
BRDA:129,7,1,0
BRDA:129,8,0,0
BRDA:129,8,1,0
BRDA:130,9,0,0
BRDA:130,9,1,0
BRDA:136,10,0,0
BRDA:136,10,1,0
BRDA:142,11,0,0
BRDA:142,11,1,0
BRDA:187,12,0,0
BRDA:187,12,1,0
BRDA:198,13,0,0
BRDA:198,13,1,0
BRDA:199,14,0,0
BRDA:199,14,1,0
BRDA:201,15,0,0
BRDA:201,15,1,0
BRDA:201,16,0,0
BRDA:201,16,1,0
BRDA:202,17,0,0
BRDA:202,17,1,0
BRDA:203,18,0,0
BRDA:203,18,1,0
BRDA:207,19,0,0
BRDA:207,19,1,0
BRDA:213,20,0,0
BRDA:213,20,1,0
BRF:40
BRH:0
end_of_record
TN:
SF:/Volumes/untitled/Dev/KMC Contracting/kiosk_form/app/controllers/users/users.profile.server.controller.js
FN:15,(anonymous_1)
FN:29,(anonymous_2)
FN:35,(anonymous_3)
FN:54,(anonymous_4)
FNF:4
FNH:0
FNDA:0,(anonymous_1)
FNDA:0,(anonymous_2)
FNDA:0,(anonymous_3)
FNDA:0,(anonymous_4)
DA:6,1
DA:15,1
DA:17,0
DA:18,0
DA:21,0
DA:23,0
DA:25,0
DA:26,0
DA:29,0
DA:30,0
DA:31,0
DA:35,0
DA:36,0
DA:37,0
DA:39,0
DA:45,0
DA:54,1
DA:55,0
DA:56,0
DA:57,0
DA:58,0
DA:59,0
DA:61,0
DA:63,0
LF:24
LH:3
BRDA:23,1,0,0
BRDA:23,1,1,0
BRDA:30,2,0,0
BRDA:30,2,1,0
BRDA:36,3,0,0
BRDA:36,3,1,0
BRDA:61,4,0,0
BRDA:61,4,1,0
BRF:8
BRH:0
end_of_record
TN:
SF:/Volumes/untitled/Dev/KMC Contracting/kiosk_form/app/controllers/forms.server.controller.js
FN:20,(anonymous_1)
FN:36,(anonymous_2)
FN:52,(anonymous_3)
FN:74,(anonymous_4)
FN:80,(anonymous_5)
FN:95,(anonymous_6)
FN:136,(anonymous_7)
FN:151,(anonymous_8)
FN:156,(anonymous_9)
FN:164,(anonymous_10)
FN:181,(anonymous_11)
FN:190,(anonymous_12)
FN:205,(anonymous_13)
FN:216,(anonymous_14)
FN:235,(anonymous_15)
FN:250,(anonymous_16)
FN:253,(anonymous_17)
FN:269,(anonymous_18)
FN:274,(anonymous_19)
FN:288,(anonymous_20)
FN:296,(anonymous_21)
FN:320,(anonymous_22)
FNF:22
FNH:0
FNDA:0,(anonymous_1)
FNDA:0,(anonymous_2)
FNDA:0,(anonymous_3)
FNDA:0,(anonymous_4)
FNDA:0,(anonymous_5)
FNDA:0,(anonymous_6)
FNDA:0,(anonymous_7)
FNDA:0,(anonymous_8)
FNDA:0,(anonymous_9)
FNDA:0,(anonymous_10)
FNDA:0,(anonymous_11)
FNDA:0,(anonymous_12)
FNDA:0,(anonymous_13)
FNDA:0,(anonymous_14)
FNDA:0,(anonymous_15)
FNDA:0,(anonymous_16)
FNDA:0,(anonymous_17)
FNDA:0,(anonymous_18)
FNDA:0,(anonymous_19)
FNDA:0,(anonymous_20)
FNDA:0,(anonymous_21)
FNDA:0,(anonymous_22)
DA:6,1
DA:20,1
DA:28,0
DA:29,0
DA:30,0
DA:31,0
DA:32,0
DA:33,0
DA:34,0
DA:36,0
DA:38,0
DA:40,0
DA:41,0
DA:42,0
DA:43,0
DA:45,0
DA:47,0
DA:48,0
DA:49,0
DA:52,0
DA:53,0
DA:54,0
DA:56,0
DA:57,0
DA:58,0
DA:62,0
DA:67,0
DA:74,1
DA:75,0
DA:77,0
DA:80,0
DA:82,0
DA:83,0
DA:88,0
DA:95,1
DA:97,0
DA:101,0
DA:110,0
DA:112,0
DA:115,0
DA:116,0
DA:117,0
DA:120,0
DA:121,0
DA:124,0
DA:125,0
DA:126,0
DA:128,0
DA:133,0
DA:136,0
DA:138,0
DA:139,0
DA:140,0
DA:144,0
DA:151,1
DA:152,0
DA:153,0
DA:154,0
DA:156,0
DA:157,0
DA:158,0
DA:159,0
DA:164,0
DA:165,0
DA:166,0
DA:167,0
DA:171,0
DA:181,1
DA:182,0
DA:184,0
DA:190,0
DA:191,0
DA:192,0
DA:193,0
DA:197,0
DA:205,1
DA:206,0
DA:208,0
DA:209,0
DA:210,0
DA:216,1
DA:217,0
DA:218,0
DA:219,0
DA:222,0
DA:225,0
DA:226,0
DA:227,0
DA:228,0
DA:229,0
DA:233,0
DA:235,0
DA:236,0
DA:237,0
DA:238,0
DA:242,0
DA:250,1
DA:251,0
DA:253,0
DA:254,0
DA:255,0
DA:261,0
DA:269,1
DA:271,0
DA:272,0
DA:274,0
DA:275,0
DA:276,0
DA:280,0
DA:288,1
DA:290,0
DA:291,0
DA:296,0
DA:297,0
DA:298,0
DA:299,0
DA:300,0
DA:306,0
DA:307,0
DA:308,0
DA:310,0
DA:311,0
DA:320,1
DA:322,0
DA:323,0
DA:324,0
DA:328,0
LF:127
LH:12
BRDA:28,1,0,0
BRDA:28,1,1,0
BRDA:31,2,0,0
BRDA:31,2,1,0
BRDA:33,3,0,0
BRDA:33,3,1,0
BRDA:38,4,0,0
BRDA:38,4,1,0
BRDA:47,5,0,0
BRDA:47,5,1,0
BRDA:47,6,0,0
BRDA:47,6,1,0
BRDA:53,7,0,0
BRDA:53,7,1,0
BRDA:82,8,0,0
BRDA:82,8,1,0
BRDA:110,9,0,0
BRDA:110,9,1,0
BRDA:112,10,0,0
BRDA:112,10,1,0
BRDA:115,11,0,0
BRDA:115,11,1,0
BRDA:115,12,0,0
BRDA:115,12,1,0
BRDA:116,13,0,0
BRDA:116,13,1,0
BRDA:117,14,0,0
BRDA:117,14,1,0
BRDA:117,15,0,0
BRDA:117,15,1,0
BRDA:120,16,0,0
BRDA:120,16,1,0
BRDA:124,17,0,0
BRDA:124,17,1,0
BRDA:138,18,0,0
BRDA:138,18,1,0
BRDA:157,19,0,0
BRDA:157,19,1,0
BRDA:165,20,0,0
BRDA:165,20,1,0
BRDA:191,21,0,0
BRDA:191,21,1,0
BRDA:222,22,0,0
BRDA:222,22,1,0
BRDA:228,23,0,0
BRDA:228,23,1,0
BRDA:236,24,0,0
BRDA:236,24,1,0
BRDA:254,25,0,0
BRDA:254,25,1,0
BRDA:272,26,0,0
BRDA:272,26,1,0
BRDA:275,27,0,0
BRDA:275,27,1,0
BRDA:290,28,0,0
BRDA:290,28,1,0
BRDA:297,29,0,0
BRDA:297,29,1,0
BRDA:299,30,0,0
BRDA:299,30,1,0
BRDA:299,31,0,0
BRDA:299,31,1,0
BRDA:323,32,0,0
BRDA:323,32,1,0
BRDA:323,33,0,0
BRDA:323,33,1,0
BRF:66
BRH:0
end_of_record
TN:
SF:/Volumes/untitled/Dev/KMC Contracting/kiosk_form/app/routes/users.server.routes.js
FN:8,(anonymous_1)
FNF:1
FNH:1
FNDA:1,(anonymous_1)
DA:6,1
DA:8,1
DA:10,1
DA:13,1
DA:14,1
DA:15,1
DA:18,1
DA:19,1
DA:22,1
DA:23,1
DA:24,1
DA:25,1
DA:28,1
DA:29,1
DA:30,1
DA:60,1
LF:16
LH:16
BRF:0
BRH:0
end_of_record
TN:
SF:/Volumes/untitled/Dev/KMC Contracting/kiosk_form/config/passport.js
FN:14,(anonymous_1)
FN:16,(anonymous_2)
FN:21,(anonymous_3)
FN:24,(anonymous_4)
FN:30,(anonymous_5)
FNF:5
FNH:2
FNDA:1,(anonymous_1)
FNDA:0,(anonymous_2)
FNDA:0,(anonymous_3)
FNDA:0,(anonymous_4)
FNDA:6,(anonymous_5)
DA:6,1
DA:14,1
DA:16,1
DA:17,0
DA:21,1
DA:22,0
DA:25,0
DA:30,1
DA:31,6
LF:9
LH:6
BRF:0
BRH:0
end_of_record
TN:
SF:/Volumes/untitled/Dev/KMC Contracting/kiosk_form/config/strategies/facebook.js
FN:11,(anonymous_1)
FN:19,(anonymous_2)
FNF:2
FNH:1
FNDA:1,(anonymous_1)
FNDA:0,(anonymous_2)
DA:6,1
DA:11,1
DA:13,1
DA:21,0
DA:22,0
DA:23,0
DA:26,0
DA:38,0
LF:8
LH:3
BRF:0
BRH:0
end_of_record
TN:
SF:/Volumes/untitled/Dev/KMC Contracting/kiosk_form/config/strategies/github.js
FN:11,(anonymous_1)
FN:19,(anonymous_2)
FNF:2
FNH:1
FNDA:1,(anonymous_1)
FNDA:0,(anonymous_2)
DA:6,1
DA:11,1
DA:13,1
DA:21,0
DA:22,0
DA:23,0
DA:26,0
DA:27,0
DA:28,0
DA:29,0
DA:31,0
DA:43,0
LF:12
LH:3
BRDA:28,1,0,0
BRDA:28,1,1,0
BRDA:29,2,0,0
BRDA:29,2,1,0
BRF:4
BRH:0
end_of_record
TN:
SF:/Volumes/untitled/Dev/KMC Contracting/kiosk_form/config/strategies/google.js
FN:11,(anonymous_1)
FN:19,(anonymous_2)
FNF:2
FNH:1
FNDA:1,(anonymous_1)
FNDA:0,(anonymous_2)
DA:6,1
DA:11,1
DA:13,1
DA:21,0
DA:22,0
DA:23,0
DA:26,0
DA:38,0
LF:8
LH:3
BRF:0
BRH:0
end_of_record
TN:
SF:/Volumes/untitled/Dev/KMC Contracting/kiosk_form/config/strategies/linkedin.js
FN:11,(anonymous_1)
FN:20,(anonymous_2)
FNF:2
FNH:1
FNDA:1,(anonymous_1)
FNDA:0,(anonymous_2)
DA:6,1
DA:11,1
DA:13,1
DA:22,0
DA:23,0
DA:24,0
DA:27,0
DA:39,0
LF:8
LH:3
BRF:0
BRH:0
end_of_record
TN:
SF:/Volumes/untitled/Dev/KMC Contracting/kiosk_form/config/strategies/local.js
FN:10,(anonymous_1)
FN:16,(anonymous_2)
FN:19,(anonymous_3)
FNF:3
FNH:3
FNDA:1,(anonymous_1)
FNDA:1,(anonymous_2)
FNDA:1,(anonymous_3)
DA:6,1
DA:10,1
DA:12,1
DA:17,1
DA:20,1
DA:21,0
DA:23,1
DA:24,1
DA:28,0
DA:29,0
DA:34,0
LF:11
LH:7
BRDA:20,1,0,0
BRDA:20,1,1,1
BRDA:23,2,0,1
BRDA:23,2,1,0
BRDA:28,3,0,0
BRDA:28,3,1,0
BRF:6
BRH:2
end_of_record
TN:
SF:/Volumes/untitled/Dev/KMC Contracting/kiosk_form/config/strategies/twitter.js
FN:11,(anonymous_1)
FN:19,(anonymous_2)
FNF:2
FNH:1
FNDA:1,(anonymous_1)
FNDA:0,(anonymous_2)
DA:6,1
DA:11,1
DA:13,1
DA:21,0
DA:22,0
DA:23,0
DA:26,0
DA:27,0
DA:28,0
DA:29,0
DA:31,0
DA:42,0
LF:12
LH:3
BRDA:28,1,0,0
BRDA:28,1,1,0
BRDA:29,2,0,0
BRDA:29,2,1,0
BRF:4
BRH:0
end_of_record
